IQ-TREE multicore version 2.2.0 COVID-edition for Linux 64-bit built Jun  1 2022
Developed by Bui Quang Minh, James Barbetti, Nguyen Lam Tung,
Olga Chernomor, Heiko Schmidt, Dominik Schrempf, Michael Woodhams, Ly Trong Nhan.

Host:    monster (AVX2, FMA3, 15 GB RAM)
Command: ./../iqtree-2.2.0-Linux/bin/iqtree2 -s ../data/language_alignments/morpho.phy -pre ../output/iqtree/BIN -z ../data/trees/BIN.raxml.mlTrees -te ../data/trees/BIN.raxml.bestTree -n 0 -zb 10000 -zw -au -seed 0 -treediff
Seed:    0 (Using SPRNG - Scalable Parallel Random Number Generator)
Time:    Fri Oct 28 18:39:12 2022
Kernel:  AVX+FMA - 1 threads (4 CPU cores detected)

HINT: Use -nt option to specify number of threads because your CPU has 4 cores!
HINT: -nt AUTO will automatically determine the best number of threads to use.

Reading alignment file ../data/language_alignments/morpho.phy ... Phylip format detected
Alignment most likely contains binary sequences
Constructing alignment: done in 0.000852814 secs using 99.67% CPU
Alignment has 46 sequences with 425 columns, 260 distinct patterns
219 parsimony-informative, 37 singleton sites, 169 constant sites
         Gap/Ambiguity  Composition  p-value
Analyzing sequences: done in 2.7963e-05 secs using 96.56% CPU
   1  It         0.00%    passed     95.58%
   2  Sp         0.00%    passed     95.58%
   3  Cat        0.00%    passed     95.58%
   4  Fr         0.00%    passed     95.58%
   5  Ptg-E      0.00%    passed     95.58%
   6  Rm         0.00%    passed     95.58%
   7  Lat        1.65%    passed     99.51%
   8  ClG        1.65%    passed     99.51%
   9  Grk        0.00%    passed     95.58%
  10  Got       11.06%    passed     92.50%
  11  OE         8.00%    passed     99.28%
  12  E          0.00%    passed     95.58%
  13  Ger        0.00%    passed     95.58%
  14  Da         0.94%    passed     94.34%
  15  Ice        0.00%    passed     95.58%
  16  Swe        0.00%    passed     95.58%
  17  Far        0.94%    passed     94.34%
  18  Dut        0.00%    passed     95.58%
  19  Blg        0.00%    passed     95.58%
  20  Mac        0.00%    passed     95.58%
  21  SC         0.00%    passed     95.58%
  22  Slo        1.41%    passed     98.44%
  23  OCS       12.24%    passed     91.57%
  24  Cze        0.00%    passed     95.58%
  25  Slvk       4.47%    passed     93.64%
  26  Po         0.00%    passed     95.58%
  27  Rus        0.00%    passed     95.58%
  28  Ukr        1.41%    passed     98.44%
  29  BelR       0.00%    passed     95.58%
  30  Latv       0.00%    passed     95.58%
  31  Lith       1.18%    passed     96.39%
  32  Ir         4.24%    passed     95.73%
  33  Wel        5.18%    passed     96.96%
  34  ScGae      6.59%    passed     93.98%
  35  Bre        4.47%    passed     93.64%
  36  Sanskr    13.88%    passed     86.26%
  37  Mar        4.94%    passed     89.47%
  38  Hin        3.06%    passed     96.60%
  39  Guj        8.24%    passed     88.83%
  40  Kashm      4.94%    passed     99.06%
  41  Bengali    8.71%    passed     84.59%
  42  Nepali     7.76%    passed     93.08%
  43  Farsi      3.06%    passed     96.60%
  44  Pashto     9.41%    passed     87.90%
  45  Alb        0.00%    passed     95.58%
  46  Arm        0.00%    passed     95.58%
****  TOTAL      2.81%  0 sequences failed composition chi2 test (p-value<5%; df=1)
Checking for duplicate sequences: done in 0.000168507 secs using 98.51% CPU

Reading input tree file ../data/trees/BIN.raxml.bestTree ...
Perform fast likelihood tree search using GTR2+I+G model...
Estimate model parameters (epsilon = 5.000)
Time for fast ML tree search: 0.031 seconds

NOTE: ModelFinder requires 2 MB RAM!
ModelFinder will test up to 44 binary models (sample size: 425) ...
 No. Model         -LnL         df  AIC          AICc         BIC
  1  GTR2+FO       4141.015     90  8462.030     8511.071     8826.718
  2  GTR2+FO+I     3977.730     91  8137.461     8187.743     8506.201
  3  GTR2+FO+G4    3936.964     91  8055.928     8106.210     8424.668
  4  GTR2+FO+I+G4  3927.266     92  8038.532     8090.074     8411.324
  5  GTR2+FO+R2    3953.239     92  8090.479     8142.021     8463.271
  6  GTR2+FO+R3    3934.137     94  8056.275     8110.396     8437.171
  7  GTR2+FO+R4    3930.785     96  8053.571     8110.351     8442.571
 14  GTR2+FO+I+I+R2 3930.616     93  8047.232     8100.054     8424.076
 15  GTR2+FO+I+I+R3 3923.928     95  8037.856     8093.297     8422.804
 16  GTR2+FO+I+I+R4 3923.897     97  8041.795     8099.935     8434.847
 26  JC2+FQ+I+G4   4075.543     91  8333.086     8383.368     8701.826
Akaike Information Criterion:           GTR2+FO+I+I+R3
Corrected Akaike Information Criterion: GTR2+FO+I+G4
Bayesian Information Criterion:         GTR2+FO+I+G4
Best-fit model: GTR2+FO+I+G4 chosen according to BIC

All model information printed to ../output/iqtree/BIN.model.gz
CPU time for ModelFinder: 2.171 seconds (0h:0m:2s)
Wall-clock time for ModelFinder: 2.205 seconds (0h:0m:2s)

NOTE: 0 MB RAM (0 GB) is required!
Estimate model parameters (epsilon = 0.010)
Thoroughly optimizing +I+G parameters from 10 start values...
Init pinv, alpha: 0.000, 1.607 / Estimate: 0.000, 0.603 / LogL: -3936.963
Init pinv, alpha: 0.044, 1.607 / Estimate: 0.280, 1.675 / LogL: -3927.203
Init pinv, alpha: 0.088, 1.607 / Estimate: 0.280, 1.672 / LogL: -3927.205
Init pinv, alpha: 0.133, 1.607 / Estimate: 0.280, 1.674 / LogL: -3927.204
Init pinv, alpha: 0.177, 1.607 / Estimate: 0.279, 1.668 / LogL: -3927.207
Init pinv, alpha: 0.221, 1.607 / Estimate: 0.279, 1.667 / LogL: -3927.207
Init pinv, alpha: 0.265, 1.607 / Estimate: 0.281, 1.677 / LogL: -3927.203
Init pinv, alpha: 0.309, 1.607 / Estimate: 0.286, 1.720 / LogL: -3927.202
Init pinv, alpha: 0.353, 1.607 / Estimate: 0.287, 1.728 / LogL: -3927.205
Init pinv, alpha: 0.398, 1.607 / Estimate: 0.287, 1.723 / LogL: -3927.203
Optimal pinv,alpha: 0.286, 1.720 / LogL: -3927.202

Parameters optimization took 1.298 sec
Wrote distance file to... 
BEST SCORE FOUND : -3927.202
Total tree length: 3.367

Total number of iterations: 0
CPU time used for tree search: 0.000 sec (0h:0m:0s)
Wall-clock time used for tree search: 0.000 sec (0h:0m:0s)
Total CPU time used: 1.263 sec (0h:0m:1s)
Total wall-clock time used: 1.304 sec (0h:0m:1s)
Reading trees in ../data/trees/BIN.raxml.mlTrees ...

WARNING: 200 trees detected but only 24 distinct trees will be evaluated
Note: 11.958 MB of RAM required!
Creating 10000 bootstrap replicates...
done
Tree 1 / LogL: -3926.813
Tree 2 / LogL: -3931.746
Tree 3 / LogL: -3925.786
Tree 4 / LogL: -3927.202
Tree 5 / identical to tree 2
Tree 6 / LogL: -3927.202
Tree 7 / identical to tree 4
Tree 8 / identical to tree 3
Tree 9 / LogL: -3932.671
Tree 10 / identical to tree 1
Tree 11 / identical to tree 4
Tree 12 / identical to tree 1
Tree 13 / identical to tree 4
Tree 14 / LogL: -3934.370
Tree 15 / LogL: -3934.690
Tree 16 / identical to tree 4
Tree 17 / identical to tree 4
Tree 18 / identical to tree 15
Tree 19 / identical to tree 1
Tree 20 / LogL: -3932.808
Tree 21 / LogL: -3935.558
Tree 22 / LogL: -3933.082
Tree 23 / LogL: -3946.448
Tree 24 / identical to tree 3
Tree 25 / identical to tree 3
Tree 26 / identical to tree 4
Tree 27 / LogL: -3927.202
Tree 28 / identical to tree 1
Tree 29 / LogL: -3951.453
Tree 30 / identical to tree 14
Tree 31 / LogL: -3926.795
Tree 32 / identical to tree 3
Tree 33 / identical to tree 15
Tree 34 / identical to tree 15
Tree 35 / identical to tree 4
Tree 36 / identical to tree 14
Tree 37 / LogL: -3945.184
Tree 38 / identical to tree 15
Tree 39 / identical to tree 20
Tree 40 / identical to tree 1
Tree 41 / identical to tree 15
Tree 42 / identical to tree 15
Tree 43 / LogL: -3932.505
Tree 44 / identical to tree 3
Tree 45 / identical to tree 1
Tree 46 / identical to tree 37
Tree 47 / identical to tree 1
Tree 48 / LogL: -3947.072
Tree 49 / identical to tree 6
Tree 50 / identical to tree 14
Tree 51 / LogL: -3935.152
Tree 52 / identical to tree 48
Tree 53 / identical to tree 15
Tree 54 / identical to tree 37
Tree 55 / identical to tree 14
Tree 56 / identical to tree 14
Tree 57 / identical to tree 2
Tree 58 / identical to tree 14
Tree 59 / identical to tree 1
Tree 60 / identical to tree 1
Tree 61 / identical to tree 4
Tree 62 / identical to tree 1
Tree 63 / identical to tree 1
Tree 64 / identical to tree 2
Tree 65 / identical to tree 1
Tree 66 / identical to tree 51
Tree 67 / identical to tree 1
Tree 68 / identical to tree 4
Tree 69 / identical to tree 14
Tree 70 / identical to tree 3
Tree 71 / identical to tree 14
Tree 72 / identical to tree 14
Tree 73 / identical to tree 4
Tree 74 / identical to tree 4
Tree 75 / identical to tree 4
Tree 76 / identical to tree 22
Tree 77 / identical to tree 2
Tree 78 / LogL: -3926.813
Tree 79 / identical to tree 15
Tree 80 / identical to tree 3
Tree 81 / identical to tree 1
Tree 82 / identical to tree 14
Tree 83 / identical to tree 1
Tree 84 / identical to tree 1
Tree 85 / identical to tree 1
Tree 86 / identical to tree 2
Tree 87 / identical to tree 51
Tree 88 / identical to tree 14
Tree 89 / identical to tree 14
Tree 90 / identical to tree 37
Tree 91 / identical to tree 3
Tree 92 / identical to tree 15
Tree 93 / identical to tree 4
Tree 94 / identical to tree 3
Tree 95 / identical to tree 14
Tree 96 / identical to tree 14
Tree 97 / identical to tree 15
Tree 98 / identical to tree 4
Tree 99 / identical to tree 3
Tree 100 / identical to tree 3
Tree 101 / identical to tree 2
Tree 102 / identical to tree 2
Tree 103 / identical to tree 2
Tree 104 / identical to tree 14
Tree 105 / identical to tree 4
Tree 106 / identical to tree 1
Tree 107 / identical to tree 4
Tree 108 / identical to tree 2
Tree 109 / identical to tree 2
Tree 110 / LogL: -3947.558
Tree 111 / identical to tree 3
Tree 112 / identical to tree 21
Tree 113 / identical to tree 3
Tree 114 / identical to tree 4
Tree 115 / identical to tree 15
Tree 116 / identical to tree 3
Tree 117 / identical to tree 15
Tree 118 / identical to tree 3
Tree 119 / identical to tree 4
Tree 120 / LogL: -3932.808
Tree 121 / identical to tree 2
Tree 122 / identical to tree 6
Tree 123 / identical to tree 110
Tree 124 / identical to tree 4
Tree 125 / identical to tree 14
Tree 126 / identical to tree 1
Tree 127 / identical to tree 2
Tree 128 / identical to tree 3
Tree 129 / identical to tree 110
Tree 130 / identical to tree 15
Tree 131 / identical to tree 3
Tree 132 / identical to tree 4
Tree 133 / identical to tree 15
Tree 134 / identical to tree 14
Tree 135 / identical to tree 4
Tree 136 / identical to tree 48
Tree 137 / identical to tree 2
Tree 138 / identical to tree 4
Tree 139 / identical to tree 31
Tree 140 / identical to tree 15
Tree 141 / identical to tree 48
Tree 142 / identical to tree 21
Tree 143 / identical to tree 15
Tree 144 / identical to tree 2
Tree 145 / LogL: -3953.081
Tree 146 / identical to tree 15
Tree 147 / identical to tree 15
Tree 148 / identical to tree 23
Tree 149 / identical to tree 2
Tree 150 / identical to tree 37
Tree 151 / identical to tree 3
Tree 152 / identical to tree 4
Tree 153 / identical to tree 23
Tree 154 / identical to tree 145
Tree 155 / identical to tree 3
Tree 156 / identical to tree 1
Tree 157 / identical to tree 4
Tree 158 / identical to tree 4
Tree 159 / identical to tree 3
Tree 160 / identical to tree 15
Tree 161 / identical to tree 48
Tree 162 / identical to tree 15
Tree 163 / identical to tree 4
Tree 164 / identical to tree 14
Tree 165 / identical to tree 14
Tree 166 / identical to tree 15
Tree 167 / identical to tree 3
Tree 168 / identical to tree 1
Tree 169 / identical to tree 15
Tree 170 / identical to tree 37
Tree 171 / identical to tree 2
Tree 172 / identical to tree 15
Tree 173 / identical to tree 3
Tree 174 / identical to tree 3
Tree 175 / identical to tree 14
Tree 176 / identical to tree 145
Tree 177 / identical to tree 15
Tree 178 / identical to tree 14
Tree 179 / identical to tree 120
Tree 180 / identical to tree 14
Tree 181 / identical to tree 120
Tree 182 / identical to tree 3
Tree 183 / identical to tree 3
Tree 184 / identical to tree 3
Tree 185 / identical to tree 4
Tree 186 / identical to tree 3
Tree 187 / identical to tree 14
Tree 188 / identical to tree 3
Tree 189 / identical to tree 2
Tree 190 / identical to tree 4
Tree 191 / identical to tree 2
Tree 192 / identical to tree 3
Tree 193 / identical to tree 4
Tree 194 / identical to tree 14
Tree 195 / identical to tree 3
Tree 196 / identical to tree 4
Tree 197 / identical to tree 37
Tree 198 / identical to tree 4
Tree 199 / identical to tree 3
Tree 200 / LogL: -3954.352
Performing RELL-BP test...
Performing KH and SH test...
Computing pairwise logl difference variance ...
Performing WKH and WSH test...
Performing ELW test...
Performing approximately unbiased (AU) test...
18 MB required for AU test
Generating 10 x 10000 multiscale bootstrap replicates... 0.801 seconds
TreeID	AU	RSS	d	c
1	0.553	15.241	0.692	0.826
2	0.446	11.412	0.845	0.709
3	0.714	3.686	0.290	0.855
4	0.704	21.931	0.250	0.786 !!!
5	0.704	21.869	0.250	0.786 !!!
6	0.427	19.326	0.871	0.686
7	0.424	18.371	1.026	0.835
8	0.474	16.818	0.946	0.881
9	0.310	12.342	1.284	0.787
10	0.313	2.765	1.234	0.747
11	0.278	10.275	1.295	0.705
12	0.108	7.235	1.866	0.629
13	0.702	22.347	0.253	0.782 !!!
14	0.131	2.167	1.637	0.514
15	0.591	11.509	0.342	0.570
16	0.145	10.608	1.660	0.604
17	0.447	2.704	0.749	0.616
18	0.168	10.555	1.567	0.606
19	0.346	12.068	1.138	0.742
20	0.556	14.356	0.690	0.830
21	0.222	12.173	1.243	0.476
22	0.306	13.141	1.288	0.781
23	0.144	10.484	1.638	0.576
24	0.136	6.780	1.507	0.410
Time for AU test: 0.803 seconds
Time for evaluating all trees: 1.374 sec.

Analysis results written to: 
  IQ-TREE report:                ../output/iqtree/BIN.iqtree
  Maximum-likelihood tree:       ../output/iqtree/BIN.treefile
  Evaluated user trees:          ../output/iqtree/BIN.trees
  Screen log file:               ../output/iqtree/BIN.log

Date and Time: Fri Oct 28 18:39:16 2022
