
RAxML-NG v. 1.1.0-master released on 04.08.2022 by The Exelixis Lab.
Developed by: Alexey M. Kozlov and Alexandros Stamatakis.
Contributors: Diego Darriba, Tomas Flouri, Benoit Morel, Sarah Lutteropp, Ben Bettisworth.
Latest version: https://github.com/amkozlov/raxml-ng
Questions/problems/suggestions? Please visit: https://groups.google.com/forum/#!forum/raxml

System: Intel(R) Core(TM) i7-7500U CPU @ 2.70GHz, 2 cores, 15 GB RAM

RAxML-NG was called at 19-Oct-2022 11:51:50 as follows:

./../raxml-ng/build/bin/raxml-ng --rfdist --tree ../output/raxml/COGNATE/T_mltrees --prefix ../output/raxml/COGNATE/T_RF

Analysis options:
  run mode: RF distance computation
  start tree(s): user
  random seed: 1666173110
  SIMD kernels: AVX2
  parallelization: coarse-grained (auto), PTHREADS (auto)

Reading input trees from file: ../output/raxml/COGNATE/T_mltrees
Loaded 71 trees with 46 taxa.

Average absolute RF distance in this tree set: 0.000000
Average relative RF distance in this tree set: 0.000000
Number of unique topologies in this tree set: 1

Pairwise RF distances saved to: /home/luise/master_thesis/output/raxml/COGNATE/T_RF.raxml.rfDistances

Execution log saved to: /home/luise/master_thesis/output/raxml/COGNATE/T_RF.raxml.log

Analysis started: 19-Oct-2022 11:51:50 / finished: 19-Oct-2022 11:51:50

Elapsed time: 0.043 seconds

