
RAxML-NG v. 1.1.0-master released on 04.08.2022 by The Exelixis Lab.
Developed by: Alexey M. Kozlov and Alexandros Stamatakis.
Contributors: Diego Darriba, Tomas Flouri, Benoit Morel, Sarah Lutteropp, Ben Bettisworth.
Latest version: https://github.com/amkozlov/raxml-ng
Questions/problems/suggestions? Please visit: https://groups.google.com/forum/#!forum/raxml

System: Intel(R) Core(TM) i7-7500U CPU @ 2.70GHz, 2 cores, 15 GB RAM

RAxML-NG was called at 07-Oct-2022 16:40:56 as follows:

./../raxml-ng/build/bin/raxml-ng --msa ../data/language_alignments/Indo-European_WALS_BinaryOutgroup_March21_stability.ONLYFIN_common_grammatical.phy --model BIN --prefix ../output/raxml/MORPHOLOGICAL//T_3 --threads 2 --seed 2

Analysis options:
  run mode: ML tree search
  start tree(s): random (10) + parsimony (10)
  random seed: 2
  tip-inner: OFF
  pattern compression: ON
  per-rate scalers: OFF
  site repeats: ON
  fast spr radius: AUTO
  spr subtree cutoff: 1.000000
  branch lengths: proportional (ML estimate, algorithm: NR-FAST)
  SIMD kernels: AVX2
  parallelization: coarse-grained (auto), PTHREADS (2 threads), thread pinning: OFF

[00:00:00] Reading alignment from file: ../data/language_alignments/Indo-European_WALS_BinaryOutgroup_March21_stability.ONLYFIN_common_grammatical.phy
[00:00:00] Loaded alignment with 46 taxa and 425 sites

Alignment comprises 1 partitions and 260 patterns

Partition 0: noname
Model: BIN+FO
Alignment sites / patterns: 425 / 260
Gaps: 2.81 %
Invariant sites: 39.76 %


NOTE: Binary MSA file created: ../output/raxml/MORPHOLOGICAL//T_3.raxml.rba

Parallelization scheme autoconfig: 2 worker(s) x 1 thread(s)

Parallel reduction/worker buffer size: 1 KB  / 0 KB

[00:00:00] Generating 10 random starting tree(s) with 46 taxa
[00:00:00] Generating 10 parsimony starting tree(s) with 46 taxa
[00:00:00] Data distribution: max. partitions/sites/weight per thread: 1 / 260 / 520
[00:00:00] Data distribution: max. searches per worker: 10

Starting ML tree search with 20 distinct starting trees

[00:00:00 -7498.739463] Initial branch length optimization
[00:00:00 -6389.354899] Model parameter optimization (eps = 10.000000)
[00:00:00 -6005.631492] AUTODETECT spr round 1 (radius: 5)
[00:00:00 -4741.632590] AUTODETECT spr round 2 (radius: 10)
[00:00:00 -4288.374548] AUTODETECT spr round 3 (radius: 15)
[00:00:00 -4288.369424] SPR radius for FAST iterations: 10 (autodetect)
[00:00:00 -4288.369424] Model parameter optimization (eps = 3.000000)
[00:00:00 -4287.232713] FAST spr round 1 (radius: 10)
[00:00:00 -4188.256101] FAST spr round 2 (radius: 10)
[00:00:00 -4168.196190] FAST spr round 3 (radius: 10)
[00:00:01 -4166.713680] FAST spr round 4 (radius: 10)
[00:00:01 -4158.108986] FAST spr round 5 (radius: 10)
[00:00:01 -4157.588319] FAST spr round 6 (radius: 10)
[00:00:01 -4157.588289] Model parameter optimization (eps = 1.000000)
[00:00:01 -4157.238662] SLOW spr round 1 (radius: 5)
[00:00:01 -4157.237440] SLOW spr round 2 (radius: 10)
[00:00:02 -4143.894147] SLOW spr round 3 (radius: 5)
[00:00:02] [worker #1] ML tree search #2, logLikelihood: -4148.837204
[00:00:02 -4143.894092] SLOW spr round 4 (radius: 10)
[00:00:03 -4143.894092] SLOW spr round 5 (radius: 15)
[00:00:03 -4143.894092] SLOW spr round 6 (radius: 20)
[00:00:03 -4143.894092] SLOW spr round 7 (radius: 25)
[00:00:03 -4143.894092] Model parameter optimization (eps = 0.100000)

[00:00:03] [worker #0] ML tree search #1, logLikelihood: -4143.893803

[00:00:03 -7399.627981] Initial branch length optimization
[00:00:03 -6262.287975] Model parameter optimization (eps = 10.000000)
[00:00:03 -5874.508229] AUTODETECT spr round 1 (radius: 5)
[00:00:03 -4486.856312] AUTODETECT spr round 2 (radius: 10)
[00:00:04 -4393.803927] AUTODETECT spr round 3 (radius: 15)
[00:00:04 -4306.435384] AUTODETECT spr round 4 (radius: 20)
[00:00:04 -4288.744430] AUTODETECT spr round 5 (radius: 25)
[00:00:04 -4288.740818] SPR radius for FAST iterations: 20 (autodetect)
[00:00:04 -4288.740818] Model parameter optimization (eps = 3.000000)
[00:00:04 -4288.694876] FAST spr round 1 (radius: 20)
[00:00:04 -4170.033791] FAST spr round 2 (radius: 20)
[00:00:04 -4155.332478] FAST spr round 3 (radius: 20)
[00:00:04 -4152.746934] FAST spr round 4 (radius: 20)
[00:00:05 -4150.434952] FAST spr round 5 (radius: 20)
[00:00:05 -4150.259632] FAST spr round 6 (radius: 20)
[00:00:05 -4148.557018] FAST spr round 7 (radius: 20)
[00:00:05 -4145.636336] FAST spr round 8 (radius: 20)
[00:00:05] [worker #1] ML tree search #4, logLikelihood: -4141.014673
[00:00:05 -4145.635286] Model parameter optimization (eps = 1.000000)
[00:00:05 -4144.986543] SLOW spr round 1 (radius: 5)
[00:00:06 -4143.972235] SLOW spr round 2 (radius: 5)
[00:00:06 -4143.972185] SLOW spr round 3 (radius: 10)
[00:00:06 -4143.972185] SLOW spr round 4 (radius: 15)
[00:00:06 -4143.972185] SLOW spr round 5 (radius: 20)
[00:00:07 -4143.972185] SLOW spr round 6 (radius: 25)
[00:00:07 -4143.972185] Model parameter optimization (eps = 0.100000)

[00:00:07] [worker #0] ML tree search #3, logLikelihood: -4143.958868

[00:00:07 -7417.352429] Initial branch length optimization
[00:00:07 -6347.684641] Model parameter optimization (eps = 10.000000)
[00:00:07 -5959.449157] AUTODETECT spr round 1 (radius: 5)
[00:00:07 -4533.157769] AUTODETECT spr round 2 (radius: 10)
[00:00:07 -4311.372899] AUTODETECT spr round 3 (radius: 15)
[00:00:07 -4304.400080] AUTODETECT spr round 4 (radius: 20)
[00:00:07 -4304.395471] SPR radius for FAST iterations: 15 (autodetect)
[00:00:07 -4304.395471] Model parameter optimization (eps = 3.000000)
[00:00:07 -4303.436573] FAST spr round 1 (radius: 15)
[00:00:07 -4169.449875] FAST spr round 2 (radius: 15)
[00:00:08 -4154.023162] FAST spr round 3 (radius: 15)
[00:00:08 -4150.800592] FAST spr round 4 (radius: 15)
[00:00:08 -4149.355085] FAST spr round 5 (radius: 15)
[00:00:08 -4148.941648] FAST spr round 6 (radius: 15)
[00:00:08 -4148.941636] Model parameter optimization (eps = 1.000000)
[00:00:08] [worker #1] ML tree search #6, logLikelihood: -4141.014642
[00:00:08 -4148.840618] SLOW spr round 1 (radius: 5)
[00:00:08 -4148.839950] SLOW spr round 2 (radius: 10)
[00:00:08 -4148.839946] SLOW spr round 3 (radius: 15)
[00:00:09 -4148.839946] SLOW spr round 4 (radius: 20)
[00:00:09 -4148.839946] SLOW spr round 5 (radius: 25)
[00:00:09 -4148.839946] Model parameter optimization (eps = 0.100000)

[00:00:09] [worker #0] ML tree search #5, logLikelihood: -4148.837105

[00:00:09 -7443.046494] Initial branch length optimization
[00:00:09 -6334.450904] Model parameter optimization (eps = 10.000000)
[00:00:09 -5968.869758] AUTODETECT spr round 1 (radius: 5)
[00:00:09 -4722.980087] AUTODETECT spr round 2 (radius: 10)
[00:00:09 -4406.023124] AUTODETECT spr round 3 (radius: 15)
[00:00:09 -4405.996429] SPR radius for FAST iterations: 10 (autodetect)
[00:00:09 -4405.996429] Model parameter optimization (eps = 3.000000)
[00:00:09 -4405.883705] FAST spr round 1 (radius: 10)
[00:00:09 -4243.436575] FAST spr round 2 (radius: 10)
[00:00:09 -4228.509094] FAST spr round 3 (radius: 10)
[00:00:10 -4218.546698] FAST spr round 4 (radius: 10)
[00:00:10 -4218.546641] Model parameter optimization (eps = 1.000000)
[00:00:10 -4218.136583] SLOW spr round 1 (radius: 5)
[00:00:10 -4147.768504] SLOW spr round 2 (radius: 5)
[00:00:10 -4147.768501] SLOW spr round 3 (radius: 10)
[00:00:10 -4147.768501] SLOW spr round 4 (radius: 15)
[00:00:11 -4147.768501] SLOW spr round 5 (radius: 20)
[00:00:11 -4141.016379] SLOW spr round 6 (radius: 5)
[00:00:11] [worker #1] ML tree search #8, logLikelihood: -4143.958664
[00:00:11 -4141.016279] SLOW spr round 7 (radius: 10)
[00:00:11 -4141.016279] SLOW spr round 8 (radius: 15)
[00:00:11 -4141.016279] SLOW spr round 9 (radius: 20)
[00:00:12 -4141.016279] SLOW spr round 10 (radius: 25)
[00:00:12 -4141.016279] Model parameter optimization (eps = 0.100000)

[00:00:12] [worker #0] ML tree search #7, logLikelihood: -4141.014599

[00:00:12 -7487.878142] Initial branch length optimization
[00:00:12 -6328.503293] Model parameter optimization (eps = 10.000000)
[00:00:12 -5935.085032] AUTODETECT spr round 1 (radius: 5)
[00:00:12 -4593.893029] AUTODETECT spr round 2 (radius: 10)
[00:00:12 -4283.238467] AUTODETECT spr round 3 (radius: 15)
[00:00:12 -4283.234517] SPR radius for FAST iterations: 10 (autodetect)
[00:00:12 -4283.234517] Model parameter optimization (eps = 3.000000)
[00:00:12 -4282.280688] FAST spr round 1 (radius: 10)
[00:00:12 -4191.049169] FAST spr round 2 (radius: 10)
[00:00:12 -4160.655166] FAST spr round 3 (radius: 10)
[00:00:13 -4160.184737] FAST spr round 4 (radius: 10)
[00:00:13 -4159.936921] FAST spr round 5 (radius: 10)
[00:00:13 -4159.936883] Model parameter optimization (eps = 1.000000)
[00:00:13 -4159.056213] SLOW spr round 1 (radius: 5)
[00:00:13 -4159.051736] SLOW spr round 2 (radius: 10)
[00:00:14 -4159.051726] SLOW spr round 3 (radius: 15)
[00:00:14] [worker #1] ML tree search #10, logLikelihood: -4143.893879
[00:00:14 -4152.402034] SLOW spr round 4 (radius: 5)
[00:00:14 -4152.401912] SLOW spr round 5 (radius: 10)
[00:00:15 -4152.401912] SLOW spr round 6 (radius: 15)
[00:00:15 -4152.401912] SLOW spr round 7 (radius: 20)
[00:00:15 -4152.401912] SLOW spr round 8 (radius: 25)
[00:00:15 -4152.401912] Model parameter optimization (eps = 0.100000)

[00:00:16] [worker #0] ML tree search #9, logLikelihood: -4152.388653

[00:00:16 -5810.474967] Initial branch length optimization
[00:00:16 -4447.196792] Model parameter optimization (eps = 10.000000)
[00:00:16 -4212.999335] AUTODETECT spr round 1 (radius: 5)
[00:00:16 -4174.112809] AUTODETECT spr round 2 (radius: 10)
[00:00:16 -4173.424600] AUTODETECT spr round 3 (radius: 15)
[00:00:16 -4173.423832] SPR radius for FAST iterations: 10 (autodetect)
[00:00:16 -4173.423832] Model parameter optimization (eps = 3.000000)
[00:00:16 -4173.405675] FAST spr round 1 (radius: 10)
[00:00:16 -4166.405184] FAST spr round 2 (radius: 10)
[00:00:16 -4153.209713] FAST spr round 3 (radius: 10)
[00:00:16 -4151.366917] FAST spr round 4 (radius: 10)
[00:00:16 -4141.481119] FAST spr round 5 (radius: 10)
[00:00:17 -4141.084780] FAST spr round 6 (radius: 10)
[00:00:17 -4141.084774] Model parameter optimization (eps = 1.000000)
[00:00:17 -4141.079052] SLOW spr round 1 (radius: 5)
[00:00:17 -4141.015014] SLOW spr round 2 (radius: 10)
[00:00:17 -4141.014948] SLOW spr round 3 (radius: 15)
[00:00:18] [worker #1] ML tree search #12, logLikelihood: -4146.943423
[00:00:18 -4141.014948] SLOW spr round 4 (radius: 20)
[00:00:18 -4141.014948] SLOW spr round 5 (radius: 25)
[00:00:18 -4141.014948] Model parameter optimization (eps = 0.100000)

[00:00:18] [worker #0] ML tree search #11, logLikelihood: -4141.014568

[00:00:18 -5801.487044] Initial branch length optimization
[00:00:18 -4459.923266] Model parameter optimization (eps = 10.000000)
[00:00:18 -4235.344263] AUTODETECT spr round 1 (radius: 5)
[00:00:18 -4206.821897] AUTODETECT spr round 2 (radius: 10)
[00:00:18 -4206.818947] SPR radius for FAST iterations: 5 (autodetect)
[00:00:18 -4206.818947] Model parameter optimization (eps = 3.000000)
[00:00:18 -4206.775518] FAST spr round 1 (radius: 5)
[00:00:19 -4199.799448] FAST spr round 2 (radius: 5)
[00:00:19 -4180.093655] FAST spr round 3 (radius: 5)
[00:00:19 -4163.199779] FAST spr round 4 (radius: 5)
[00:00:19 -4147.516245] FAST spr round 5 (radius: 5)
[00:00:19 -4146.950443] FAST spr round 6 (radius: 5)
[00:00:19 -4146.950413] Model parameter optimization (eps = 1.000000)
[00:00:19 -4146.943590] SLOW spr round 1 (radius: 5)
[00:00:19 -4146.943567] SLOW spr round 2 (radius: 10)
[00:00:20 -4146.943566] SLOW spr round 3 (radius: 15)
[00:00:20] [worker #1] ML tree search #14, logLikelihood: -4148.837009
[00:00:20 -4146.943566] SLOW spr round 4 (radius: 20)
[00:00:20 -4146.943566] SLOW spr round 5 (radius: 25)
[00:00:21 -4146.943566] Model parameter optimization (eps = 0.100000)

[00:00:21] [worker #0] ML tree search #13, logLikelihood: -4146.943362

[00:00:21 -5827.682458] Initial branch length optimization
[00:00:21 -4482.593502] Model parameter optimization (eps = 10.000000)
[00:00:21 -4259.974850] AUTODETECT spr round 1 (radius: 5)
[00:00:21 -4163.633689] AUTODETECT spr round 2 (radius: 10)
[00:00:21 -4163.623725] SPR radius for FAST iterations: 5 (autodetect)
[00:00:21 -4163.623725] Model parameter optimization (eps = 3.000000)
[00:00:21 -4163.609078] FAST spr round 1 (radius: 5)
[00:00:21 -4163.138763] FAST spr round 2 (radius: 5)
[00:00:21 -4158.038500] FAST spr round 3 (radius: 5)
[00:00:21 -4149.496226] FAST spr round 4 (radius: 5)
[00:00:22 -4148.804103] FAST spr round 5 (radius: 5)
[00:00:22 -4143.960258] FAST spr round 6 (radius: 5)
[00:00:22] [worker #1] ML tree search #16, logLikelihood: -4141.014568
[00:00:22 -4143.960239] Model parameter optimization (eps = 1.000000)
[00:00:22 -4143.958488] SLOW spr round 1 (radius: 5)
[00:00:22 -4143.958481] SLOW spr round 2 (radius: 10)
[00:00:23 -4143.958481] SLOW spr round 3 (radius: 15)
[00:00:23 -4143.958481] SLOW spr round 4 (radius: 20)
[00:00:23 -4143.958481] SLOW spr round 5 (radius: 25)
[00:00:24 -4143.958481] Model parameter optimization (eps = 0.100000)

[00:00:24] [worker #0] ML tree search #15, logLikelihood: -4143.958430

[00:00:24 -5822.026877] Initial branch length optimization
[00:00:24 -4479.734040] Model parameter optimization (eps = 10.000000)
[00:00:24 -4238.014674] AUTODETECT spr round 1 (radius: 5)
[00:00:24] [worker #1] ML tree search #18, logLikelihood: -4141.014555
[00:00:24 -4176.425977] AUTODETECT spr round 2 (radius: 10)
[00:00:24 -4176.417314] SPR radius for FAST iterations: 5 (autodetect)
[00:00:24 -4176.417314] Model parameter optimization (eps = 3.000000)
[00:00:24 -4176.398357] FAST spr round 1 (radius: 5)
[00:00:24 -4174.801014] FAST spr round 2 (radius: 5)
[00:00:24 -4168.192389] FAST spr round 3 (radius: 5)
[00:00:24 -4159.752194] FAST spr round 4 (radius: 5)
[00:00:25 -4159.687292] Model parameter optimization (eps = 1.000000)
[00:00:25 -4159.685840] SLOW spr round 1 (radius: 5)
[00:00:25 -4158.774282] SLOW spr round 2 (radius: 5)
[00:00:25 -4158.751576] SLOW spr round 3 (radius: 10)
[00:00:26 -4158.751553] SLOW spr round 4 (radius: 15)
[00:00:26 -4148.422190] SLOW spr round 5 (radius: 5)
[00:00:26 -4147.737246] SLOW spr round 6 (radius: 5)
[00:00:27 -4147.737244] SLOW spr round 7 (radius: 10)
[00:00:27 -4147.737244] SLOW spr round 8 (radius: 15)
[00:00:27 -4147.737244] SLOW spr round 9 (radius: 20)
[00:00:27 -4145.331234] SLOW spr round 10 (radius: 5)
[00:00:28 -4145.331150] SLOW spr round 11 (radius: 10)
[00:00:28 -4145.331147] SLOW spr round 12 (radius: 15)
[00:00:28 -4145.331147] SLOW spr round 13 (radius: 20)
[00:00:28 -4145.331147] SLOW spr round 14 (radius: 25)
[00:00:28 -4145.331147] Model parameter optimization (eps = 0.100000)

[00:00:28] [worker #0] ML tree search #17, logLikelihood: -4145.306729

[00:00:28 -5846.609834] Initial branch length optimization
[00:00:28 -4501.426683] Model parameter optimization (eps = 10.000000)
[00:00:28 -4262.077233] AUTODETECT spr round 1 (radius: 5)
[00:00:28 -4226.660647] AUTODETECT spr round 2 (radius: 10)
[00:00:29 -4226.658284] SPR radius for FAST iterations: 5 (autodetect)
[00:00:29 -4226.658284] Model parameter optimization (eps = 3.000000)
[00:00:29 -4226.578324] FAST spr round 1 (radius: 5)
[00:00:29] [worker #1] ML tree search #20, logLikelihood: -4145.306369
[00:00:29 -4222.622004] FAST spr round 2 (radius: 5)
[00:00:29 -4221.815422] FAST spr round 3 (radius: 5)
[00:00:29 -4221.404768] FAST spr round 4 (radius: 5)
[00:00:29 -4221.195621] FAST spr round 5 (radius: 5)
[00:00:29 -4221.195132] Model parameter optimization (eps = 1.000000)
[00:00:29 -4221.187774] SLOW spr round 1 (radius: 5)
[00:00:29 -4221.187733] SLOW spr round 2 (radius: 10)
[00:00:29 -4218.339992] SLOW spr round 3 (radius: 5)
[00:00:30 -4200.171506] SLOW spr round 4 (radius: 5)
[00:00:30 -4197.385139] SLOW spr round 5 (radius: 5)
[00:00:30 -4152.279582] SLOW spr round 6 (radius: 5)
[00:00:31 -4148.353600] SLOW spr round 7 (radius: 5)
[00:00:31 -4148.353473] SLOW spr round 8 (radius: 10)
[00:00:31 -4146.696964] SLOW spr round 9 (radius: 5)
[00:00:31 -4143.982102] SLOW spr round 10 (radius: 5)
[00:00:32 -4143.981999] SLOW spr round 11 (radius: 10)
[00:00:32 -4143.981999] SLOW spr round 12 (radius: 15)
[00:00:32 -4143.981999] SLOW spr round 13 (radius: 20)
[00:00:32 -4143.981999] SLOW spr round 14 (radius: 25)
[00:00:32 -4143.981999] Model parameter optimization (eps = 0.100000)

[00:00:32] [worker #0] ML tree search #19, logLikelihood: -4143.959091


Optimized model parameters:

   Partition 0: noname
   Rate heterogeneity: NONE
   Base frequencies (ML): 0.780567 0.219433 
   Substitution rates (ML): 1.000000 


Final LogLikelihood: -4141.014555

AIC score: 8462.029109 / AICc score: 8511.071025 / BIC score: 8826.717134
Free parameters (model + branch lengths): 90

WARNING: Best ML tree contains 1 near-zero branches!

Best ML tree with collapsed near-zero branches saved to: /home/luise/master_thesis/output/raxml/MORPHOLOGICAL/T_3.raxml.bestTreeCollapsed
Best ML tree saved to: /home/luise/master_thesis/output/raxml/MORPHOLOGICAL/T_3.raxml.bestTree
All ML trees saved to: /home/luise/master_thesis/output/raxml/MORPHOLOGICAL/T_3.raxml.mlTrees
Optimized model saved to: /home/luise/master_thesis/output/raxml/MORPHOLOGICAL/T_3.raxml.bestModel

Execution log saved to: /home/luise/master_thesis/output/raxml/MORPHOLOGICAL/T_3.raxml.log

Analysis started: 07-Oct-2022 16:40:56 / finished: 07-Oct-2022 16:41:29

Elapsed time: 32.822 seconds

