
RAxML-NG v. 1.1.0-master released on 04.08.2022 by The Exelixis Lab.
Developed by: Alexey M. Kozlov and Alexandros Stamatakis.
Contributors: Diego Darriba, Tomas Flouri, Benoit Morel, Sarah Lutteropp, Ben Bettisworth.
Latest version: https://github.com/amkozlov/raxml-ng
Questions/problems/suggestions? Please visit: https://groups.google.com/forum/#!forum/raxml

System: Intel(R) Core(TM) i7-7500U CPU @ 2.70GHz, 2 cores, 15 GB RAM

RAxML-NG was called at 07-Oct-2022 16:42:43 as follows:

./../raxml-ng/build/bin/raxml-ng --search1 --msa ../data/language_alignments/Indo-European_WALS_BinaryOutgroup_March21_stability.ONLYFIN_common_grammatical.phy --model BIN --prefix ../output/raxml/MORPHOLOGICAL//T_5 --threads 2 --seed 2

Analysis options:
  run mode: ML tree search
  start tree(s): random (1)
  random seed: 2
  tip-inner: OFF
  pattern compression: ON
  per-rate scalers: OFF
  site repeats: ON
  fast spr radius: AUTO
  spr subtree cutoff: 1.000000
  branch lengths: proportional (ML estimate, algorithm: NR-FAST)
  SIMD kernels: AVX2
  parallelization: coarse-grained (auto), PTHREADS (2 threads), thread pinning: OFF

[00:00:00] Reading alignment from file: ../data/language_alignments/Indo-European_WALS_BinaryOutgroup_March21_stability.ONLYFIN_common_grammatical.phy
[00:00:00] Loaded alignment with 46 taxa and 425 sites

Alignment comprises 1 partitions and 260 patterns

Partition 0: noname
Model: BIN+FO
Alignment sites / patterns: 425 / 260
Gaps: 2.81 %
Invariant sites: 39.76 %


NOTE: Binary MSA file created: ../output/raxml/MORPHOLOGICAL//T_5.raxml.rba

Parallelization scheme autoconfig: 1 worker(s) x 2 thread(s)

Parallel reduction/worker buffer size: 1 KB  / 0 KB

[00:00:00] Generating 1 random starting tree(s) with 46 taxa
[00:00:00] Data distribution: max. partitions/sites/weight per thread: 1 / 130 / 260
[00:00:00] Data distribution: max. searches per worker: 1

Starting ML tree search with 1 distinct starting trees

[00:00:00 -7498.739463] Initial branch length optimization
[00:00:00 -6389.354899] Model parameter optimization (eps = 10.000000)
[00:00:00 -6005.631492] AUTODETECT spr round 1 (radius: 5)
[00:00:00 -4741.632590] AUTODETECT spr round 2 (radius: 10)
[00:00:00 -4288.374548] AUTODETECT spr round 3 (radius: 15)
[00:00:00 -4288.369424] SPR radius for FAST iterations: 10 (autodetect)
[00:00:00 -4288.369424] Model parameter optimization (eps = 3.000000)
[00:00:00 -4287.232713] FAST spr round 1 (radius: 10)
[00:00:00 -4188.256101] FAST spr round 2 (radius: 10)
[00:00:00 -4168.196190] FAST spr round 3 (radius: 10)
[00:00:00 -4166.713680] FAST spr round 4 (radius: 10)
[00:00:00 -4158.108986] FAST spr round 5 (radius: 10)
[00:00:00 -4157.588319] FAST spr round 6 (radius: 10)
[00:00:00 -4157.588289] Model parameter optimization (eps = 1.000000)
[00:00:00 -4157.238662] SLOW spr round 1 (radius: 5)
[00:00:01 -4157.237440] SLOW spr round 2 (radius: 10)
[00:00:01 -4143.894147] SLOW spr round 3 (radius: 5)
[00:00:01 -4143.894092] SLOW spr round 4 (radius: 10)
[00:00:01 -4143.894092] SLOW spr round 5 (radius: 15)
[00:00:02 -4143.894092] SLOW spr round 6 (radius: 20)
[00:00:02 -4143.894092] SLOW spr round 7 (radius: 25)
[00:00:02 -4143.894092] Model parameter optimization (eps = 0.100000)

[00:00:02] ML tree search #1, logLikelihood: -4143.893803


Optimized model parameters:

   Partition 0: noname
   Rate heterogeneity: NONE
   Base frequencies (ML): 0.780145 0.219855 
   Substitution rates (ML): 1.000000 


Final LogLikelihood: -4143.893803

AIC score: 8467.787606 / AICc score: 8516.829522 / BIC score: 8832.475631
Free parameters (model + branch lengths): 90

WARNING: Best ML tree contains 1 near-zero branches!

Best ML tree with collapsed near-zero branches saved to: /home/luise/master_thesis/output/raxml/MORPHOLOGICAL/T_5.raxml.bestTreeCollapsed
Best ML tree saved to: /home/luise/master_thesis/output/raxml/MORPHOLOGICAL/T_5.raxml.bestTree
Optimized model saved to: /home/luise/master_thesis/output/raxml/MORPHOLOGICAL/T_5.raxml.bestModel

Execution log saved to: /home/luise/master_thesis/output/raxml/MORPHOLOGICAL/T_5.raxml.log

Analysis started: 07-Oct-2022 16:42:43 / finished: 07-Oct-2022 16:42:45

Elapsed time: 2.400 seconds

