
RAxML-NG v. 1.1.0-master released on 04.08.2022 by The Exelixis Lab.
Developed by: Alexey M. Kozlov and Alexandros Stamatakis.
Contributors: Diego Darriba, Tomas Flouri, Benoit Morel, Sarah Lutteropp, Ben Bettisworth.
Latest version: https://github.com/amkozlov/raxml-ng
Questions/problems/suggestions? Please visit: https://groups.google.com/forum/#!forum/raxml

System: Intel(R) Core(TM) i7-7500U CPU @ 2.70GHz, 2 cores, 15 GB RAM

RAxML-NG was called at 07-Oct-2022 16:42:45 as follows:

./../raxml-ng/build/bin/raxml-ng --rfdist --tree ../output/raxml/MORPHOLOGICAL//T_mltrees --prefix ../output/raxml/MORPHOLOGICAL//T_RF

Analysis options:
  run mode: RF distance computation
  start tree(s): user
  random seed: 1665153765
  SIMD kernels: AVX2
  parallelization: coarse-grained (auto), PTHREADS (auto)

Reading input trees from file: ../output/raxml/MORPHOLOGICAL//T_mltrees
Loaded 71 trees with 46 taxa.

Average absolute RF distance in this tree set: 17.730382
Average relative RF distance in this tree set: 0.206167
Number of unique topologies in this tree set: 20

Pairwise RF distances saved to: /home/luise/master_thesis/output/raxml/MORPHOLOGICAL/T_RF.raxml.rfDistances

Execution log saved to: /home/luise/master_thesis/output/raxml/MORPHOLOGICAL/T_RF.raxml.log

Analysis started: 07-Oct-2022 16:42:45 / finished: 07-Oct-2022 16:42:45

Elapsed time: 0.053 seconds

