
RAxML-NG v. 1.1.0-master released on 04.08.2022 by The Exelixis Lab.
Developed by: Alexey M. Kozlov and Alexandros Stamatakis.
Contributors: Diego Darriba, Tomas Flouri, Benoit Morel, Sarah Lutteropp, Ben Bettisworth.
Latest version: https://github.com/amkozlov/raxml-ng
Questions/problems/suggestions? Please visit: https://groups.google.com/forum/#!forum/raxml

System: Intel(R) Core(TM) i7-7500U CPU @ 2.70GHz, 2 cores, 15 GB RAM

RAxML-NG was called at 12-Dec-2022 12:31:49 as follows:

./../tools/raxml-ng/build/bin/raxml-ng --msa data/language_alignments/morpho.phy --model BIN --prefix output/raxml/interim/pars100rand100bin --threads 2 --seed 2 --tree pars{100},rand{100}

Analysis options:
  run mode: ML tree search
  start tree(s): random (100) + parsimony (100)
  random seed: 2
  tip-inner: OFF
  pattern compression: ON
  per-rate scalers: OFF
  site repeats: ON
  fast spr radius: AUTO
  spr subtree cutoff: 1.000000
  branch lengths: proportional (ML estimate, algorithm: NR-FAST)
  SIMD kernels: AVX2
  parallelization: coarse-grained (auto), PTHREADS (2 threads), thread pinning: OFF

[00:00:00] Reading alignment from file: data/language_alignments/morpho.phy
[00:00:00] Loaded alignment with 46 taxa and 425 sites

Alignment comprises 1 partitions and 260 patterns

Partition 0: noname
Model: BIN+FO
Alignment sites / patterns: 425 / 260
Gaps: 2.81 %
Invariant sites: 39.76 %


NOTE: Binary MSA file created: output/raxml/interim/pars100rand100bin.raxml.rba

Parallelization scheme autoconfig: 2 worker(s) x 1 thread(s)

Parallel reduction/worker buffer size: 1 KB  / 0 KB

[00:00:00] Generating 100 random starting tree(s) with 46 taxa
[00:00:00] Generating 100 parsimony starting tree(s) with 46 taxa
[00:00:00] Data distribution: max. partitions/sites/weight per thread: 1 / 260 / 520
[00:00:00] Data distribution: max. searches per worker: 100

Starting ML tree search with 200 distinct starting trees

[00:00:03] [worker #1] ML tree search #2, logLikelihood: -4148.837204
[00:00:04] [worker #0] ML tree search #1, logLikelihood: -4143.893803
[00:00:07] [worker #1] ML tree search #4, logLikelihood: -4141.014673
[00:00:08] [worker #0] ML tree search #3, logLikelihood: -4143.958868
[00:00:09] [worker #1] ML tree search #6, logLikelihood: -4141.014642
[00:00:10] [worker #0] ML tree search #5, logLikelihood: -4148.837105
[00:00:12] [worker #1] ML tree search #8, logLikelihood: -4143.958664
[00:00:13] [worker #0] ML tree search #7, logLikelihood: -4141.014599
[00:00:15] [worker #1] ML tree search #10, logLikelihood: -4143.893879
[00:00:15] [worker #0] ML tree search #9, logLikelihood: -4152.388653
[00:00:16] [worker #1] ML tree search #12, logLikelihood: -4143.894143
[00:00:18] [worker #0] ML tree search #11, logLikelihood: -4141.014561
[00:00:18] [worker #1] ML tree search #14, logLikelihood: -4146.943548
[00:00:20] [worker #1] ML tree search #16, logLikelihood: -4141.014695
[00:00:20] [worker #0] ML tree search #13, logLikelihood: -4141.014789
[00:00:25] [worker #1] ML tree search #18, logLikelihood: -4145.306327
[00:00:25] [worker #0] ML tree search #15, logLikelihood: -4145.305930
[00:00:27] [worker #1] ML tree search #20, logLikelihood: -4148.770549
[00:00:27] [worker #0] ML tree search #17, logLikelihood: -4141.014571
[00:00:28] [worker #1] ML tree search #22, logLikelihood: -4152.750933
[00:00:30] [worker #0] ML tree search #19, logLikelihood: -4143.893829
[00:00:30] [worker #1] ML tree search #24, logLikelihood: -4143.958480
[00:00:32] [worker #1] ML tree search #26, logLikelihood: -4141.014626
[00:00:33] [worker #0] ML tree search #21, logLikelihood: -4145.316377
[00:00:34] [worker #1] ML tree search #28, logLikelihood: -4143.894326
[00:00:35] [worker #0] ML tree search #23, logLikelihood: -4156.622544
[00:00:36] [worker #1] ML tree search #30, logLikelihood: -4146.943929
[00:00:37] [worker #0] ML tree search #25, logLikelihood: -4143.958446
[00:00:39] [worker #0] ML tree search #27, logLikelihood: -4141.015317
[00:00:39] [worker #1] ML tree search #32, logLikelihood: -4143.958665
[00:00:41] [worker #0] ML tree search #29, logLikelihood: -4167.122505
[00:00:41] [worker #1] ML tree search #34, logLikelihood: -4145.306174
[00:00:43] [worker #0] ML tree search #31, logLikelihood: -4151.167406
[00:00:43] [worker #1] ML tree search #36, logLikelihood: -4146.943641
[00:00:45] [worker #1] ML tree search #38, logLikelihood: -4145.306055
[00:00:46] [worker #0] ML tree search #33, logLikelihood: -4145.306056
[00:00:47] [worker #1] ML tree search #40, logLikelihood: -4143.893832
[00:00:47] [worker #0] ML tree search #35, logLikelihood: -4141.014654
[00:00:49] [worker #1] ML tree search #42, logLikelihood: -4145.306262
[00:00:50] [worker #0] ML tree search #37, logLikelihood: -4157.648490
[00:00:51] [worker #1] ML tree search #44, logLikelihood: -4143.958513
[00:00:51] [worker #0] ML tree search #39, logLikelihood: -4148.770493
[00:00:53] [worker #0] ML tree search #41, logLikelihood: -4145.306825
[00:00:54] [worker #1] ML tree search #46, logLikelihood: -4157.648053
[00:00:55] [worker #0] ML tree search #43, logLikelihood: -4150.706233
[00:00:55] [worker #1] ML tree search #48, logLikelihood: -4164.020314
[00:00:58] [worker #1] ML tree search #50, logLikelihood: -4146.943703
[00:00:58] [worker #0] ML tree search #45, logLikelihood: -4143.893823
[00:00:59] [worker #1] ML tree search #52, logLikelihood: -4164.020942
[00:01:00] [worker #0] ML tree search #47, logLikelihood: -4143.894473
[00:01:03] [worker #0] ML tree search #49, logLikelihood: -4141.015097
[00:01:05] [worker #1] ML tree search #54, logLikelihood: -4157.648063
[00:01:05] [worker #0] ML tree search #51, logLikelihood: -4146.956129
[00:01:08] [worker #1] ML tree search #56, logLikelihood: -4146.943393
[00:01:08] [worker #0] ML tree search #53, logLikelihood: -4145.306283
[00:01:10] [worker #1] ML tree search #58, logLikelihood: -4146.943493
[00:01:11] [worker #0] ML tree search #55, logLikelihood: -4146.943453
[00:01:13] [worker #0] ML tree search #57, logLikelihood: -4148.837190
[00:01:13] [worker #1] ML tree search #60, logLikelihood: -4143.893794
[00:01:16] [worker #0] ML tree search #59, logLikelihood: -4143.893794
[00:01:17] [worker #1] ML tree search #62, logLikelihood: -4143.893832
[00:01:18] [worker #0] ML tree search #61, logLikelihood: -4141.014825
[00:01:19] [worker #1] ML tree search #64, logLikelihood: -4148.837135
[00:01:21] [worker #1] ML tree search #66, logLikelihood: -4146.955790
[00:01:21] [worker #0] ML tree search #63, logLikelihood: -4143.893794
[00:01:23] [worker #1] ML tree search #68, logLikelihood: -4141.014839
[00:01:24] [worker #0] ML tree search #65, logLikelihood: -4143.893795
[00:01:25] [worker #1] ML tree search #70, logLikelihood: -4143.958528
[00:01:26] [worker #0] ML tree search #67, logLikelihood: -4143.894486
[00:01:27] [worker #1] ML tree search #72, logLikelihood: -4146.943535
[00:01:29] [worker #0] ML tree search #69, logLikelihood: -4146.943714
[00:01:29] [worker #1] ML tree search #74, logLikelihood: -4141.014858
[00:01:31] [worker #0] ML tree search #71, logLikelihood: -4146.943852
[00:01:31] [worker #1] ML tree search #76, logLikelihood: -4152.750528
[00:01:33] [worker #1] ML tree search #78, logLikelihood: -4143.894305
[00:01:34] [worker #0] ML tree search #73, logLikelihood: -4141.014556
[00:01:36] [worker #1] ML tree search #80, logLikelihood: -4143.958679
[00:01:37] [worker #0] ML tree search #75, logLikelihood: -4141.014557
[00:01:39] [worker #0] ML tree search #77, logLikelihood: -4148.837007
[00:01:39] [worker #1] ML tree search #82, logLikelihood: -4146.943395
[00:01:41] [worker #0] ML tree search #79, logLikelihood: -4145.306268
[00:01:42] [worker #1] ML tree search #84, logLikelihood: -4143.893859
[00:01:43] [worker #0] ML tree search #81, logLikelihood: -4143.894760
[00:01:44] [worker #1] ML tree search #86, logLikelihood: -4148.837098
[00:01:45] [worker #0] ML tree search #83, logLikelihood: -4143.893834
[00:01:46] [worker #1] ML tree search #88, logLikelihood: -4146.943505
[00:01:47] [worker #0] ML tree search #85, logLikelihood: -4143.893942
[00:01:48] [worker #1] ML tree search #90, logLikelihood: -4157.648517
[00:01:49] [worker #0] ML tree search #87, logLikelihood: -4146.955474
[00:01:52] [worker #1] ML tree search #92, logLikelihood: -4145.306028
[00:01:53] [worker #0] ML tree search #89, logLikelihood: -4146.943389
[00:01:55] [worker #1] ML tree search #94, logLikelihood: -4143.958573
[00:01:55] [worker #0] ML tree search #91, logLikelihood: -4143.958808
[00:01:57] [worker #0] ML tree search #93, logLikelihood: -4141.015576
[00:01:58] [worker #1] ML tree search #96, logLikelihood: -4146.943370
[00:01:59] [worker #0] ML tree search #95, logLikelihood: -4146.943589
[00:02:00] [worker #1] ML tree search #98, logLikelihood: -4141.014587
[00:02:03] [worker #0] ML tree search #97, logLikelihood: -4145.305937
[00:02:03] [worker #1] ML tree search #100, logLikelihood: -4143.958464
[00:02:04] [worker #1] ML tree search #102, logLikelihood: -4148.837047
[00:02:05] [worker #0] ML tree search #99, logLikelihood: -4143.958455
[00:02:07] [worker #0] ML tree search #101, logLikelihood: -4148.837034
[00:02:07] [worker #1] ML tree search #104, logLikelihood: -4146.943418
[00:02:08] [worker #0] ML tree search #103, logLikelihood: -4148.837009
[00:02:09] [worker #1] ML tree search #106, logLikelihood: -4143.893804
[00:02:10] [worker #0] ML tree search #105, logLikelihood: -4141.014554
[00:02:11] [worker #1] ML tree search #108, logLikelihood: -4148.837081
[00:02:12] [worker #1] ML tree search #110, logLikelihood: -4162.025149
[00:02:14] [worker #0] ML tree search #107, logLikelihood: -4141.014841
[00:02:15] [worker #0] ML tree search #109, logLikelihood: -4148.837009
[00:02:15] [worker #1] ML tree search #112, logLikelihood: -4145.316089
[00:02:17] [worker #0] ML tree search #111, logLikelihood: -4143.958434
[00:02:19] [worker #0] ML tree search #113, logLikelihood: -4143.958433
[00:02:20] [worker #1] ML tree search #114, logLikelihood: -4141.017214
[00:02:22] [worker #1] ML tree search #116, logLikelihood: -4143.958483
[00:02:23] [worker #1] ML tree search #118, logLikelihood: -4143.958428
[00:02:23] [worker #0] ML tree search #115, logLikelihood: -4145.306783
[00:02:25] [worker #1] ML tree search #120, logLikelihood: -4148.769898
[00:02:27] [worker #1] ML tree search #122, logLikelihood: -4141.014642
[00:02:28] [worker #0] ML tree search #117, logLikelihood: -4145.306847
[00:02:28] [worker #1] ML tree search #124, logLikelihood: -4141.014589
[00:02:30] [worker #0] ML tree search #119, logLikelihood: -4141.015328
[00:02:31] [worker #1] ML tree search #126, logLikelihood: -4143.893815
[00:02:32] [worker #0] ML tree search #121, logLikelihood: -4148.837031
[00:02:33] [worker #1] ML tree search #128, logLikelihood: -4143.958447
[00:02:34] [worker #0] ML tree search #123, logLikelihood: -4162.025154
[00:02:36] [worker #1] ML tree search #130, logLikelihood: -4145.306603
[00:02:36] [worker #0] ML tree search #125, logLikelihood: -4146.943355
[00:02:38] [worker #1] ML tree search #132, logLikelihood: -4141.014562
[00:02:40] [worker #0] ML tree search #127, logLikelihood: -4148.837018
[00:02:41] [worker #1] ML tree search #134, logLikelihood: -4146.943464
[00:02:43] [worker #0] ML tree search #129, logLikelihood: -4162.025139
[00:02:43] [worker #1] ML tree search #136, logLikelihood: -4164.020000
[00:02:45] [worker #0] ML tree search #131, logLikelihood: -4143.958449
[00:02:45] [worker #1] ML tree search #138, logLikelihood: -4141.014554
[00:02:49] [worker #0] ML tree search #133, logLikelihood: -4145.306773
[00:02:49] [worker #1] ML tree search #140, logLikelihood: -4145.306646
[00:02:51] [worker #0] ML tree search #135, logLikelihood: -4141.014694
[00:02:52] [worker #1] ML tree search #142, logLikelihood: -4145.316285
[00:02:53] [worker #0] ML tree search #137, logLikelihood: -4148.837035
[00:02:54] [worker #1] ML tree search #144, logLikelihood: -4148.837029
[00:02:55] [worker #0] ML tree search #139, logLikelihood: -4151.167350
[00:02:56] [worker #0] ML tree search #141, logLikelihood: -4164.019981
[00:02:58] [worker #1] ML tree search #146, logLikelihood: -4145.306642
[00:03:00] [worker #0] ML tree search #143, logLikelihood: -4145.306366
[00:03:02] [worker #1] ML tree search #148, logLikelihood: -4156.622133
[00:03:02] [worker #0] ML tree search #145, logLikelihood: -4172.019235
[00:03:04] [worker #1] ML tree search #150, logLikelihood: -4157.648048
[00:03:06] [worker #1] ML tree search #152, logLikelihood: -4141.014555
[00:03:06] [worker #0] ML tree search #147, logLikelihood: -4145.306776
[00:03:08] [worker #1] ML tree search #154, logLikelihood: -4172.019267
[00:03:08] [worker #0] ML tree search #149, logLikelihood: -4148.837014
[00:03:10] [worker #0] ML tree search #151, logLikelihood: -4143.958476
[00:03:11] [worker #1] ML tree search #156, logLikelihood: -4143.894664
[00:03:13] [worker #1] ML tree search #158, logLikelihood: -4141.014688
[00:03:14] [worker #0] ML tree search #153, logLikelihood: -4156.622113
[00:03:15] [worker #0] ML tree search #155, logLikelihood: -4143.958434
[00:03:17] [worker #1] ML tree search #160, logLikelihood: -4145.306561
[00:03:17] [worker #0] ML tree search #157, logLikelihood: -4141.014565
[00:03:19] [worker #1] ML tree search #162, logLikelihood: -4145.305933
[00:03:19] [worker #0] ML tree search #159, logLikelihood: -4143.958487
[00:03:20] [worker #0] ML tree search #161, logLikelihood: -4164.020034
[00:03:21] [worker #1] ML tree search #164, logLikelihood: -4146.943355
[00:03:22] [worker #0] ML tree search #163, logLikelihood: -4141.014580
[00:03:24] [worker #0] ML tree search #165, logLikelihood: -4146.943390
[00:03:25] [worker #1] ML tree search #166, logLikelihood: -4145.306663
[00:03:26] [worker #0] ML tree search #167, logLikelihood: -4143.958429
[00:03:26] [worker #1] ML tree search #168, logLikelihood: -4143.893794
[00:03:29] [worker #0] ML tree search #169, logLikelihood: -4145.306849
[00:03:31] [worker #0] ML tree search #171, logLikelihood: -4148.837077
[00:03:31] [worker #1] ML tree search #170, logLikelihood: -4157.648328
[00:03:32] [worker #0] ML tree search #173, logLikelihood: -4143.958429
[00:03:34] [worker #0] ML tree search #175, logLikelihood: -4146.943356
[00:03:35] [worker #1] ML tree search #172, logLikelihood: -4145.306936
[00:03:38] [worker #1] ML tree search #174, logLikelihood: -4143.959676
[00:03:38] [worker #0] ML tree search #177, logLikelihood: -4145.306799
[00:03:39] [worker #1] ML tree search #176, logLikelihood: -4172.019242
[00:03:39] [worker #0] ML tree search #179, logLikelihood: -4148.769960
[00:03:41] [worker #0] ML tree search #181, logLikelihood: -4148.769930
[00:03:41] [worker #1] ML tree search #178, logLikelihood: -4146.943355
[00:03:43] [worker #0] ML tree search #183, logLikelihood: -4143.958449
[00:03:43] [worker #1] ML tree search #180, logLikelihood: -4146.943362
[00:03:46] [worker #1] ML tree search #182, logLikelihood: -4143.958516
[00:03:46] [worker #0] ML tree search #185, logLikelihood: -4141.014555
[00:03:47] [worker #1] ML tree search #184, logLikelihood: -4143.958430
[00:03:47] [worker #0] ML tree search #187, logLikelihood: -4146.943355
[00:03:49] [worker #1] ML tree search #186, logLikelihood: -4143.958432
[00:03:50] [worker #0] ML tree search #189, logLikelihood: -4148.837016
[00:03:51] [worker #1] ML tree search #188, logLikelihood: -4143.958429
[00:03:52] [worker #0] ML tree search #191, logLikelihood: -4148.837026
[00:03:53] [worker #1] ML tree search #190, logLikelihood: -4141.014557
[00:03:54] [worker #0] ML tree search #193, logLikelihood: -4141.014879
[00:03:55] [worker #1] ML tree search #192, logLikelihood: -4143.958449
[00:03:56] [worker #0] ML tree search #195, logLikelihood: -4143.958431
[00:03:58] [worker #1] ML tree search #194, logLikelihood: -4146.943587
[00:03:58] [worker #0] ML tree search #197, logLikelihood: -4157.648068
[00:04:00] [worker #1] ML tree search #196, logLikelihood: -4141.014555
[00:04:00] [worker #0] ML tree search #199, logLikelihood: -4143.958565
[00:04:01] [worker #1] ML tree search #198, logLikelihood: -4141.014579
[00:04:03] [worker #1] ML tree search #200, logLikelihood: -4170.202268

Optimized model parameters:

   Partition 0: noname
   Rate heterogeneity: NONE
   Base frequencies (ML): 0.780561 0.219439 
   Substitution rates (ML): 1.000000 


Final LogLikelihood: -4141.014554

AIC score: 8462.029109 / AICc score: 8511.071025 / BIC score: 8826.717134
Free parameters (model + branch lengths): 90

WARNING: Best ML tree contains 1 near-zero branches!

Best ML tree with collapsed near-zero branches saved to: /home/luise/master_thesis/scripts/output/raxml/interim/pars100rand100bin.raxml.bestTreeCollapsed
Best ML tree saved to: /home/luise/master_thesis/scripts/output/raxml/interim/pars100rand100bin.raxml.bestTree
All ML trees saved to: /home/luise/master_thesis/scripts/output/raxml/interim/pars100rand100bin.raxml.mlTrees
Optimized model saved to: /home/luise/master_thesis/scripts/output/raxml/interim/pars100rand100bin.raxml.bestModel

Execution log saved to: /home/luise/master_thesis/scripts/output/raxml/interim/pars100rand100bin.raxml.log

Analysis started: 12-Dec-2022 12:31:49 / finished: 12-Dec-2022 12:35:53

Elapsed time: 243.131 seconds

