
RAxML-NG v. 1.1.0-master released on 04.08.2022 by The Exelixis Lab.
Developed by: Alexey M. Kozlov and Alexandros Stamatakis.
Contributors: Diego Darriba, Tomas Flouri, Benoit Morel, Sarah Lutteropp, Ben Bettisworth.
Latest version: https://github.com/amkozlov/raxml-ng
Questions/problems/suggestions? Please visit: https://groups.google.com/forum/#!forum/raxml

System: Intel(R) Core(TM) i7-7500U CPU @ 2.70GHz, 2 cores, 15 GB RAM

RAxML-NG was called at 25-Nov-2022 17:36:16 as follows:

./../tools/raxml-ng/build/bin/raxml-ng --bsmsa --msa data/language_alignments/morpho_filtered_intersect_best_nj.phy --model BIN+G --prefix data/language_alignments/morpho_filtered_intersect_best_nj_bs/bs --threads 2 --seed 2 -bs-trees 100

Analysis options:
  run mode: Generate bootstrap replicate MSAs
  start tree(s): 
  bootstrap replicates: 100
  random seed: 2
  SIMD kernels: AVX2
  parallelization: coarse-grained (auto), PTHREADS (2 threads), thread pinning: OFF

[00:00:00] Reading alignment from file: data/language_alignments/morpho_filtered_intersect_best_nj.phy
[00:00:00] Loaded alignment with 46 taxa and 19 sites

Alignment comprises 1 partitions and 19 patterns

Partition 0: noname
Model: BIN+FO+G4m
Alignment sites / patterns: 19 / 19
Gaps: 2.29 %
Invariant sites: 0.00 %


NOTE: Binary MSA file created: data/language_alignments/morpho_filtered_intersect_best_nj_bs/bs.raxml.rba

Bootstrap replicate MSAs saved to: /home/luise/master_thesis/scripts/data/language_alignments/morpho_filtered_intersect_best_nj_bs/bs.raxml.bootstrapMSA.1.phy  ... 
                                   /home/luise/master_thesis/scripts/data/language_alignments/morpho_filtered_intersect_best_nj_bs/bs.raxml.bootstrapMSA.100.phy

Execution log saved to: /home/luise/master_thesis/scripts/data/language_alignments/morpho_filtered_intersect_best_nj_bs/bs.raxml.log

Analysis started: 25-Nov-2022 17:36:16 / finished: 25-Nov-2022 17:36:16

Elapsed time: 0.042 seconds

