
RAxML-NG v. 1.1.0-master released on 04.08.2022 by The Exelixis Lab.
Developed by: Alexey M. Kozlov and Alexandros Stamatakis.
Contributors: Diego Darriba, Tomas Flouri, Benoit Morel, Sarah Lutteropp, Ben Bettisworth.
Latest version: https://github.com/amkozlov/raxml-ng
Questions/problems/suggestions? Please visit: https://groups.google.com/forum/#!forum/raxml

System: Intel(R) Core(TM) i7-7500U CPU @ 2.70GHz, 2 cores, 15 GB RAM

RAxML-NG was called at 03-Nov-2022 18:28:20 as follows:

./../raxml-ng/build/bin/raxml-ng --msa ../data/language_alignments/morpho_fixed_filtered.phy --model BIN+G --prefix ../output/raxml/filtering/morpho_filtered --threads 2 --seed 2

Analysis options:
  run mode: ML tree search
  start tree(s): random (10) + parsimony (10)
  random seed: 2
  tip-inner: OFF
  pattern compression: ON
  per-rate scalers: OFF
  site repeats: ON
  fast spr radius: AUTO
  spr subtree cutoff: 1.000000
  branch lengths: proportional (ML estimate, algorithm: NR-FAST)
  SIMD kernels: AVX2
  parallelization: coarse-grained (auto), PTHREADS (2 threads), thread pinning: OFF

[00:00:00] Reading alignment from file: ../data/language_alignments/morpho_fixed_filtered.phy
[00:00:00] Loaded alignment with 46 taxa and 48 sites

WARNING: Sequences Sp and Cat are exactly identical!
WARNING: Sequences Slo and Po are exactly identical!
WARNING: Sequences Slo and Ukr are exactly identical!
WARNING: Sequences Rus and BelR are exactly identical!
WARNING: Duplicate sequences found: 4

NOTE: Reduced alignment (with duplicates and gap-only sites/taxa removed) 
NOTE: was saved to: /home/luise/master_thesis/output/raxml/filtering/morpho_filtered.raxml.reduced.phy

Alignment comprises 1 partitions and 37 patterns

Partition 0: noname
Model: BIN+FO+G4m
Alignment sites / patterns: 48 / 37
Gaps: 2.76 %
Invariant sites: 33.33 %


NOTE: Binary MSA file created: ../output/raxml/filtering/morpho_filtered.raxml.rba

Parallelization scheme autoconfig: 2 worker(s) x 1 thread(s)

Parallel reduction/worker buffer size: 1 KB  / 0 KB

[00:00:00] Generating 10 random starting tree(s) with 46 taxa
[00:00:00] Generating 10 parsimony starting tree(s) with 46 taxa
[00:00:00] Data distribution: max. partitions/sites/weight per thread: 1 / 37 / 296
[00:00:00] Data distribution: max. searches per worker: 10

Starting ML tree search with 20 distinct starting trees

[00:00:00 -698.168974] Initial branch length optimization
[00:00:00 -584.347247] Model parameter optimization (eps = 10.000000)
[00:00:00 -554.135937] AUTODETECT spr round 1 (radius: 5)
[00:00:00 -470.670279] AUTODETECT spr round 2 (radius: 10)
[00:00:00 -404.482957] AUTODETECT spr round 3 (radius: 15)
[00:00:00 -404.447849] SPR radius for FAST iterations: 10 (autodetect)
[00:00:00 -404.447849] Model parameter optimization (eps = 3.000000)
[00:00:00 -401.137541] FAST spr round 1 (radius: 10)
[00:00:00 -384.430327] FAST spr round 2 (radius: 10)
[00:00:00 -379.662475] FAST spr round 3 (radius: 10)
[00:00:00 -379.661373] Model parameter optimization (eps = 1.000000)
[00:00:00 -379.455994] SLOW spr round 1 (radius: 5)
[00:00:00 -377.195501] SLOW spr round 2 (radius: 5)
[00:00:00 -377.195451] SLOW spr round 3 (radius: 10)
[00:00:00 -374.485617] SLOW spr round 4 (radius: 5)
[00:00:00 -373.440604] SLOW spr round 5 (radius: 5)
[00:00:00 -373.440356] SLOW spr round 6 (radius: 10)
[00:00:00 -373.440354] SLOW spr round 7 (radius: 15)
[00:00:01 -373.440354] SLOW spr round 8 (radius: 20)
[00:00:01 -373.440354] SLOW spr round 9 (radius: 25)
[00:00:01 -373.440354] Model parameter optimization (eps = 0.100000)

[00:00:01] [worker #0] ML tree search #1, logLikelihood: -373.098037

[00:00:01 -712.752288] Initial branch length optimization
[00:00:01 -608.065324] Model parameter optimization (eps = 10.000000)
[00:00:01 -567.414877] AUTODETECT spr round 1 (radius: 5)
[00:00:01 -440.613545] AUTODETECT spr round 2 (radius: 10)
[00:00:01 -395.212108] AUTODETECT spr round 3 (radius: 15)
[00:00:01 -395.209537] SPR radius for FAST iterations: 10 (autodetect)
[00:00:01 -395.209537] Model parameter optimization (eps = 3.000000)
[00:00:01 -392.735789] FAST spr round 1 (radius: 10)
[00:00:01 -378.161345] FAST spr round 2 (radius: 10)
[00:00:01 -375.733358] FAST spr round 3 (radius: 10)
[00:00:01 -375.732742] Model parameter optimization (eps = 1.000000)
[00:00:01 -375.208372] SLOW spr round 1 (radius: 5)
[00:00:01] [worker #1] ML tree search #2, logLikelihood: -373.098004
[00:00:01 -373.881220] SLOW spr round 2 (radius: 5)
[00:00:01 -373.879864] SLOW spr round 3 (radius: 10)
[00:00:01 -373.879841] SLOW spr round 4 (radius: 15)
[00:00:01 -373.879840] SLOW spr round 5 (radius: 20)
[00:00:01 -373.879840] SLOW spr round 6 (radius: 25)
[00:00:01 -373.879840] Model parameter optimization (eps = 0.100000)

[00:00:01] [worker #0] ML tree search #3, logLikelihood: -373.829192

[00:00:01 -711.708934] Initial branch length optimization
[00:00:01 -584.166111] Model parameter optimization (eps = 10.000000)
[00:00:01 -549.235707] AUTODETECT spr round 1 (radius: 5)
[00:00:01 -483.136265] AUTODETECT spr round 2 (radius: 10)
[00:00:01 -400.116132] AUTODETECT spr round 3 (radius: 15)
[00:00:01 -400.110153] SPR radius for FAST iterations: 10 (autodetect)
[00:00:01 -400.110153] Model parameter optimization (eps = 3.000000)
[00:00:01 -397.840530] FAST spr round 1 (radius: 10)
[00:00:02 -380.870061] FAST spr round 2 (radius: 10)
[00:00:02 -377.473300] FAST spr round 3 (radius: 10)
[00:00:02] [worker #1] ML tree search #4, logLikelihood: -375.031208
[00:00:02 -376.467736] FAST spr round 4 (radius: 10)
[00:00:02 -376.467320] Model parameter optimization (eps = 1.000000)
[00:00:02 -375.664571] SLOW spr round 1 (radius: 5)
[00:00:02 -373.501085] SLOW spr round 2 (radius: 5)
[00:00:02 -373.478426] SLOW spr round 3 (radius: 10)
[00:00:02 -373.357387] SLOW spr round 4 (radius: 5)
[00:00:02 -373.356396] SLOW spr round 5 (radius: 10)
[00:00:02 -373.356370] SLOW spr round 6 (radius: 15)
[00:00:02 -373.356369] SLOW spr round 7 (radius: 20)
[00:00:02 -373.356369] SLOW spr round 8 (radius: 25)
[00:00:02 -373.356369] Model parameter optimization (eps = 0.100000)

[00:00:02] [worker #0] ML tree search #5, logLikelihood: -373.098037

[00:00:02 -710.848830] Initial branch length optimization
[00:00:02 -577.004720] Model parameter optimization (eps = 10.000000)
[00:00:02 -546.573228] AUTODETECT spr round 1 (radius: 5)
[00:00:02 -445.034732] AUTODETECT spr round 2 (radius: 10)
[00:00:02 -406.563898] AUTODETECT spr round 3 (radius: 15)
[00:00:02 -396.041074] AUTODETECT spr round 4 (radius: 20)
[00:00:02 -396.021768] SPR radius for FAST iterations: 15 (autodetect)
[00:00:02 -396.021768] Model parameter optimization (eps = 3.000000)
[00:00:02 -394.133172] FAST spr round 1 (radius: 15)
[00:00:02] [worker #1] ML tree search #6, logLikelihood: -373.829766
[00:00:03 -383.305594] FAST spr round 2 (radius: 15)
[00:00:03 -377.051341] FAST spr round 3 (radius: 15)
[00:00:03 -375.264518] FAST spr round 4 (radius: 15)
[00:00:03 -375.263912] Model parameter optimization (eps = 1.000000)
[00:00:03 -374.039543] SLOW spr round 1 (radius: 5)
[00:00:03 -374.023320] SLOW spr round 2 (radius: 10)
[00:00:03 -374.020542] SLOW spr round 3 (radius: 15)
[00:00:03 -373.897398] SLOW spr round 4 (radius: 5)
[00:00:03 -373.895842] SLOW spr round 5 (radius: 10)
[00:00:03 -373.895791] SLOW spr round 6 (radius: 15)
[00:00:03 -373.895788] SLOW spr round 7 (radius: 20)
[00:00:03 -373.895788] SLOW spr round 8 (radius: 25)
[00:00:03 -373.895788] Model parameter optimization (eps = 0.100000)

[00:00:03] [worker #0] ML tree search #7, logLikelihood: -373.829441

[00:00:03 -716.187943] Initial branch length optimization
[00:00:03 -577.830304] Model parameter optimization (eps = 10.000000)
[00:00:03] [worker #1] ML tree search #8, logLikelihood: -375.032101
[00:00:03 -544.270533] AUTODETECT spr round 1 (radius: 5)
[00:00:03 -452.268122] AUTODETECT spr round 2 (radius: 10)
[00:00:03 -396.593409] AUTODETECT spr round 3 (radius: 15)
[00:00:03 -396.258570] AUTODETECT spr round 4 (radius: 20)
[00:00:03 -396.244860] SPR radius for FAST iterations: 15 (autodetect)
[00:00:03 -396.244860] Model parameter optimization (eps = 3.000000)
[00:00:03 -390.712453] FAST spr round 1 (radius: 15)
[00:00:03 -379.472322] FAST spr round 2 (radius: 15)
[00:00:03 -375.166908] FAST spr round 3 (radius: 15)
[00:00:04 -374.514592] FAST spr round 4 (radius: 15)
[00:00:04 -374.514457] Model parameter optimization (eps = 1.000000)
[00:00:04 -374.405074] SLOW spr round 1 (radius: 5)
[00:00:04 -374.404011] SLOW spr round 2 (radius: 10)
[00:00:04 -374.403913] SLOW spr round 3 (radius: 15)
[00:00:04 -374.340760] SLOW spr round 4 (radius: 20)
[00:00:04 -374.339348] SLOW spr round 5 (radius: 25)
[00:00:04 -374.339284] Model parameter optimization (eps = 0.100000)

[00:00:04] [worker #0] ML tree search #9, logLikelihood: -374.276450

[00:00:04 -504.151362] Initial branch length optimization
[00:00:04 -395.604282] Model parameter optimization (eps = 10.000000)
[00:00:04 -384.817471] AUTODETECT spr round 1 (radius: 5)
[00:00:04 -379.540127] AUTODETECT spr round 2 (radius: 10)
[00:00:04 -378.601962] AUTODETECT spr round 3 (radius: 15)
[00:00:04 -376.844247] AUTODETECT spr round 4 (radius: 20)
[00:00:04 -376.844217] SPR radius for FAST iterations: 15 (autodetect)
[00:00:04 -376.844217] Model parameter optimization (eps = 3.000000)
[00:00:04 -376.791691] FAST spr round 1 (radius: 15)
[00:00:04 -375.111437] FAST spr round 2 (radius: 15)
[00:00:04 -375.111310] Model parameter optimization (eps = 1.000000)
[00:00:04 -375.100457] SLOW spr round 1 (radius: 5)
[00:00:04 -375.100406] SLOW spr round 2 (radius: 10)
[00:00:04 -375.100406] SLOW spr round 3 (radius: 15)
[00:00:04 -374.175655] SLOW spr round 4 (radius: 5)
[00:00:05 -373.638658] SLOW spr round 5 (radius: 5)
[00:00:05 -373.637697] SLOW spr round 6 (radius: 10)
[00:00:05 -373.637677] SLOW spr round 7 (radius: 15)
[00:00:05] [worker #1] ML tree search #10, logLikelihood: -373.098031
[00:00:05 -373.637677] SLOW spr round 8 (radius: 20)
[00:00:05 -373.637677] SLOW spr round 9 (radius: 25)
[00:00:05 -373.637677] Model parameter optimization (eps = 0.100000)

[00:00:05] [worker #0] ML tree search #11, logLikelihood: -373.545431

[00:00:05 -496.949236] Initial branch length optimization
[00:00:05 -394.209342] Model parameter optimization (eps = 10.000000)
[00:00:05 -386.136641] AUTODETECT spr round 1 (radius: 5)
[00:00:05 -383.022089] AUTODETECT spr round 2 (radius: 10)
[00:00:05 -380.601043] AUTODETECT spr round 3 (radius: 15)
[00:00:05 -377.090099] AUTODETECT spr round 4 (radius: 20)
[00:00:05 -377.090053] SPR radius for FAST iterations: 15 (autodetect)
[00:00:05 -377.090053] Model parameter optimization (eps = 3.000000)
[00:00:05 -377.026464] FAST spr round 1 (radius: 15)
[00:00:05 -376.093457] FAST spr round 2 (radius: 15)
[00:00:05 -376.093457] Model parameter optimization (eps = 1.000000)
[00:00:05 -376.089770] SLOW spr round 1 (radius: 5)
[00:00:05 -375.328209] SLOW spr round 2 (radius: 5)
[00:00:05 -375.327594] SLOW spr round 3 (radius: 10)
[00:00:05 -375.327587] SLOW spr round 4 (radius: 15)
[00:00:05 -375.327587] SLOW spr round 5 (radius: 20)
[00:00:05 -375.327587] SLOW spr round 6 (radius: 25)
[00:00:05 -375.327587] Model parameter optimization (eps = 0.100000)

[00:00:05] [worker #0] ML tree search #13, logLikelihood: -375.200671

[00:00:05 -501.773653] Initial branch length optimization
[00:00:05 -402.945830] Model parameter optimization (eps = 10.000000)
[00:00:05 -393.997843] AUTODETECT spr round 1 (radius: 5)
[00:00:06 -383.156503] AUTODETECT spr round 2 (radius: 10)
[00:00:06 -376.520227] AUTODETECT spr round 3 (radius: 15)
[00:00:06 -376.518935] SPR radius for FAST iterations: 10 (autodetect)
[00:00:06 -376.518935] Model parameter optimization (eps = 3.000000)
[00:00:06 -376.164195] FAST spr round 1 (radius: 10)
[00:00:06 -374.287150] FAST spr round 2 (radius: 10)
[00:00:06] [worker #1] ML tree search #12, logLikelihood: -373.098014
[00:00:06 -374.287070] Model parameter optimization (eps = 1.000000)
[00:00:06 -374.280106] SLOW spr round 1 (radius: 5)
[00:00:06 -374.280090] SLOW spr round 2 (radius: 10)
[00:00:06 -374.280090] SLOW spr round 3 (radius: 15)
[00:00:06 -374.280090] SLOW spr round 4 (radius: 20)
[00:00:06 -374.280090] SLOW spr round 5 (radius: 25)
[00:00:06 -374.280090] Model parameter optimization (eps = 0.100000)

[00:00:06] [worker #0] ML tree search #15, logLikelihood: -374.280055

[00:00:06 -504.632811] Initial branch length optimization
[00:00:06 -405.876885] Model parameter optimization (eps = 10.000000)
[00:00:06 -396.446345] AUTODETECT spr round 1 (radius: 5)
[00:00:06 -387.553421] AUTODETECT spr round 2 (radius: 10)
[00:00:06 -386.394188] AUTODETECT spr round 3 (radius: 15)
[00:00:06 -382.772402] AUTODETECT spr round 4 (radius: 20)
[00:00:06 -382.769884] SPR radius for FAST iterations: 15 (autodetect)
[00:00:06 -382.769884] Model parameter optimization (eps = 3.000000)
[00:00:06 -382.433110] FAST spr round 1 (radius: 15)
[00:00:06 -382.431202] Model parameter optimization (eps = 1.000000)
[00:00:06 -382.430252] SLOW spr round 1 (radius: 5)
[00:00:06 -377.462800] SLOW spr round 2 (radius: 5)
[00:00:06] [worker #1] ML tree search #14, logLikelihood: -373.098072
[00:00:06 -375.279629] SLOW spr round 3 (radius: 5)
[00:00:06 -375.279320] SLOW spr round 4 (radius: 10)
[00:00:06 -375.279320] SLOW spr round 5 (radius: 15)
[00:00:07 -375.279320] SLOW spr round 6 (radius: 20)
[00:00:07 -375.279320] SLOW spr round 7 (radius: 25)
[00:00:07 -375.279320] Model parameter optimization (eps = 0.100000)

[00:00:07] [worker #0] ML tree search #17, logLikelihood: -375.201125

[00:00:07 -496.044703] Initial branch length optimization
[00:00:07 -392.898275] Model parameter optimization (eps = 10.000000)
[00:00:07 -385.102650] AUTODETECT spr round 1 (radius: 5)
[00:00:07 -382.392029] AUTODETECT spr round 2 (radius: 10)
[00:00:07 -377.920362] AUTODETECT spr round 3 (radius: 15)
[00:00:07 -377.914912] SPR radius for FAST iterations: 10 (autodetect)
[00:00:07 -377.914912] Model parameter optimization (eps = 3.000000)
[00:00:07 -377.882369] FAST spr round 1 (radius: 10)
[00:00:07 -374.923013] FAST spr round 2 (radius: 10)
[00:00:07 -374.922834] Model parameter optimization (eps = 1.000000)
[00:00:07 -374.909960] SLOW spr round 1 (radius: 5)
[00:00:07] [worker #1] ML tree search #16, logLikelihood: -373.098005
[00:00:07 -374.909946] SLOW spr round 2 (radius: 10)
[00:00:07 -374.909946] SLOW spr round 3 (radius: 15)
[00:00:07 -374.811624] SLOW spr round 4 (radius: 20)
[00:00:07 -374.810485] SLOW spr round 5 (radius: 25)
[00:00:07 -374.810422] Model parameter optimization (eps = 0.100000)

[00:00:07] [worker #0] ML tree search #19, logLikelihood: -374.764841

[00:00:07] [worker #1] ML tree search #18, logLikelihood: -373.098624
[00:00:08] [worker #1] ML tree search #20, logLikelihood: -373.098495

Optimized model parameters:

   Partition 0: noname
   Rate heterogeneity: GAMMA (4 cats, mean),  alpha: 0.711278 (ML),  weights&rates: (0.250000,0.076599) (0.250000,0.368803) (0.250000,0.928977) (0.250000,2.625621) 
   Base frequencies (ML): 0.679831 0.320169 
   Substitution rates (ML): 1.000000 


Final LogLikelihood: -373.098004

AIC score: 928.196008 / AICc score: 17672.196008 / BIC score: 1098.475300
Free parameters (model + branch lengths): 91

WARNING: Number of free parameters (K=91) is larger than alignment size (n=48).
         This might lead to overfitting and compromise tree inference results!


WARNING: Best ML tree contains 21 near-zero branches!

Best ML tree with collapsed near-zero branches saved to: /home/luise/master_thesis/output/raxml/filtering/morpho_filtered.raxml.bestTreeCollapsed
Best ML tree saved to: /home/luise/master_thesis/output/raxml/filtering/morpho_filtered.raxml.bestTree
All ML trees saved to: /home/luise/master_thesis/output/raxml/filtering/morpho_filtered.raxml.mlTrees
Optimized model saved to: /home/luise/master_thesis/output/raxml/filtering/morpho_filtered.raxml.bestModel

Execution log saved to: /home/luise/master_thesis/output/raxml/filtering/morpho_filtered.raxml.log

Analysis started: 03-Nov-2022 18:28:20 / finished: 03-Nov-2022 18:28:29

Elapsed time: 8.894 seconds

