
RAxML-NG v. 1.1.0-master released on 04.08.2022 by The Exelixis Lab.
Developed by: Alexey M. Kozlov and Alexandros Stamatakis.
Contributors: Diego Darriba, Tomas Flouri, Benoit Morel, Sarah Lutteropp, Ben Bettisworth.
Latest version: https://github.com/amkozlov/raxml-ng
Questions/problems/suggestions? Please visit: https://groups.google.com/forum/#!forum/raxml

System: Intel(R) Core(TM) i7-7500U CPU @ 2.70GHz, 2 cores, 15 GB RAM

RAxML-NG was called at 03-Nov-2022 18:25:46 as follows:

./../raxml-ng/build/bin/raxml-ng --msa ../data/language_alignments/morpho.phy --model BIN+G --prefix ../output/raxml/filtering/morpho --threads 2 --seed 2

Analysis options:
  run mode: ML tree search
  start tree(s): random (10) + parsimony (10)
  random seed: 2
  tip-inner: OFF
  pattern compression: ON
  per-rate scalers: OFF
  site repeats: ON
  fast spr radius: AUTO
  spr subtree cutoff: 1.000000
  branch lengths: proportional (ML estimate, algorithm: NR-FAST)
  SIMD kernels: AVX2
  parallelization: coarse-grained (auto), PTHREADS (2 threads), thread pinning: OFF

[00:00:00] Reading alignment from file: ../data/language_alignments/morpho.phy
[00:00:00] Loaded alignment with 46 taxa and 425 sites

Alignment comprises 1 partitions and 260 patterns

Partition 0: noname
Model: BIN+FO+G4m
Alignment sites / patterns: 425 / 260
Gaps: 2.81 %
Invariant sites: 39.76 %


NOTE: Binary MSA file created: ../output/raxml/filtering/morpho.raxml.rba

Parallelization scheme autoconfig: 2 worker(s) x 1 thread(s)

Parallel reduction/worker buffer size: 1 KB  / 0 KB

[00:00:00] Generating 10 random starting tree(s) with 46 taxa
[00:00:00] Generating 10 parsimony starting tree(s) with 46 taxa
[00:00:00] Data distribution: max. partitions/sites/weight per thread: 1 / 260 / 2080
[00:00:00] Data distribution: max. searches per worker: 10

Starting ML tree search with 20 distinct starting trees

[00:00:00 -6128.992664] Initial branch length optimization
[00:00:00 -5392.368180] Model parameter optimization (eps = 10.000000)
[00:00:00 -5029.181062] AUTODETECT spr round 1 (radius: 5)
[00:00:00 -4393.872916] AUTODETECT spr round 2 (radius: 10)
[00:00:00 -4042.863393] AUTODETECT spr round 3 (radius: 15)
[00:00:00 -4031.387988] AUTODETECT spr round 4 (radius: 20)
[00:00:00 -4031.374424] SPR radius for FAST iterations: 15 (autodetect)
[00:00:00 -4031.374424] Model parameter optimization (eps = 3.000000)
[00:00:00 -4001.976532] FAST spr round 1 (radius: 15)
[00:00:01 -3941.594830] FAST spr round 2 (radius: 15)
[00:00:01 -3929.280014] FAST spr round 3 (radius: 15)
[00:00:01 -3920.002534] FAST spr round 4 (radius: 15)
[00:00:01 -3920.001917] Model parameter optimization (eps = 1.000000)
[00:00:01 -3919.965638] SLOW spr round 1 (radius: 5)
[00:00:02 -3919.965309] SLOW spr round 2 (radius: 10)
[00:00:02 -3919.965302] SLOW spr round 3 (radius: 15)
[00:00:03 -3919.965302] SLOW spr round 4 (radius: 20)
[00:00:03 -3919.965302] SLOW spr round 5 (radius: 25)
[00:00:03 -3919.965302] Model parameter optimization (eps = 0.100000)

[00:00:03] [worker #0] ML tree search #1, logLikelihood: -3919.964492

[00:00:03 -6070.527744] Initial branch length optimization
[00:00:03 -5330.213255] Model parameter optimization (eps = 10.000000)
[00:00:03 -4986.950611] AUTODETECT spr round 1 (radius: 5)
[00:00:03 -4266.118500] AUTODETECT spr round 2 (radius: 10)
[00:00:04 -4043.783397] AUTODETECT spr round 3 (radius: 15)
[00:00:04 -4043.754554] SPR radius for FAST iterations: 10 (autodetect)
[00:00:04 -4043.754554] Model parameter optimization (eps = 3.000000)
[00:00:04 -4026.429259] FAST spr round 1 (radius: 10)
[00:00:04 -3956.534902] FAST spr round 2 (radius: 10)
[00:00:04 -3951.456259] FAST spr round 3 (radius: 10)
[00:00:04 -3951.198879] FAST spr round 4 (radius: 10)
[00:00:05 -3951.198795] Model parameter optimization (eps = 1.000000)
[00:00:05 -3950.949147] SLOW spr round 1 (radius: 5)
[00:00:05 -3950.947125] SLOW spr round 2 (radius: 10)
[00:00:06 -3950.947102] SLOW spr round 3 (radius: 15)
[00:00:06] [worker #1] ML tree search #2, logLikelihood: -3921.453539
[00:00:06 -3950.947101] SLOW spr round 4 (radius: 20)
[00:00:07 -3950.947101] SLOW spr round 5 (radius: 25)
[00:00:07 -3950.947101] Model parameter optimization (eps = 0.100000)

[00:00:07] [worker #0] ML tree search #3, logLikelihood: -3950.943243

[00:00:07 -6086.419300] Initial branch length optimization
[00:00:07 -5381.527889] Model parameter optimization (eps = 10.000000)
[00:00:07 -5013.354343] AUTODETECT spr round 1 (radius: 5)
[00:00:07 -4454.714302] AUTODETECT spr round 2 (radius: 10)
[00:00:07 -4055.923718] AUTODETECT spr round 3 (radius: 15)
[00:00:07 -4054.122026] AUTODETECT spr round 4 (radius: 20)
[00:00:07 -4054.113671] SPR radius for FAST iterations: 15 (autodetect)
[00:00:07 -4054.113671] Model parameter optimization (eps = 3.000000)
[00:00:07 -4036.069928] FAST spr round 1 (radius: 15)
[00:00:08 -3980.612267] FAST spr round 2 (radius: 15)
[00:00:08 -3951.722872] FAST spr round 3 (radius: 15)
[00:00:08 -3926.974267] FAST spr round 4 (radius: 15)
[00:00:08 -3923.012376] FAST spr round 5 (radius: 15)
[00:00:09 -3923.011969] Model parameter optimization (eps = 1.000000)
[00:00:09 -3921.456140] SLOW spr round 1 (radius: 5)
[00:00:09 -3921.453234] SLOW spr round 2 (radius: 10)
[00:00:09] [worker #1] ML tree search #4, logLikelihood: -3921.451605
[00:00:10 -3921.453136] SLOW spr round 3 (radius: 15)
[00:00:10 -3921.453131] SLOW spr round 4 (radius: 20)
[00:00:10 -3921.453131] SLOW spr round 5 (radius: 25)
[00:00:11 -3921.453131] Model parameter optimization (eps = 0.100000)

[00:00:11] [worker #0] ML tree search #5, logLikelihood: -3921.451613

[00:00:11 -6108.878458] Initial branch length optimization
[00:00:11 -5389.011132] Model parameter optimization (eps = 10.000000)
[00:00:11 -5015.795334] AUTODETECT spr round 1 (radius: 5)
[00:00:11 -4480.564100] AUTODETECT spr round 2 (radius: 10)
[00:00:11 -4093.515332] AUTODETECT spr round 3 (radius: 15)
[00:00:11 -4071.517683] AUTODETECT spr round 4 (radius: 20)
[00:00:11 -4071.494438] SPR radius for FAST iterations: 15 (autodetect)
[00:00:11 -4071.494438] Model parameter optimization (eps = 3.000000)
[00:00:11 -4054.112953] FAST spr round 1 (radius: 15)
[00:00:12 -3944.321146] FAST spr round 2 (radius: 15)
[00:00:12 -3923.888346] FAST spr round 3 (radius: 15)
[00:00:12 -3923.179162] FAST spr round 4 (radius: 15)
[00:00:12 -3923.126333] Model parameter optimization (eps = 1.000000)
[00:00:12 -3921.993171] SLOW spr round 1 (radius: 5)
[00:00:13 -3921.454462] SLOW spr round 2 (radius: 5)
[00:00:13] [worker #1] ML tree search #6, logLikelihood: -3921.451617
[00:00:13 -3921.453946] SLOW spr round 3 (radius: 10)
[00:00:14 -3921.453935] SLOW spr round 4 (radius: 15)
[00:00:14 -3921.453934] SLOW spr round 5 (radius: 20)
[00:00:15 -3921.453934] SLOW spr round 6 (radius: 25)
[00:00:15 -3921.453934] Model parameter optimization (eps = 0.100000)

[00:00:15] [worker #0] ML tree search #7, logLikelihood: -3921.451648

[00:00:15 -6124.941185] Initial branch length optimization
[00:00:15 -5353.717457] Model parameter optimization (eps = 10.000000)
[00:00:15 -4989.944248] AUTODETECT spr round 1 (radius: 5)
[00:00:15 -4285.572266] AUTODETECT spr round 2 (radius: 10)
[00:00:15 -4133.146405] AUTODETECT spr round 3 (radius: 15)
[00:00:16 -4109.387820] AUTODETECT spr round 4 (radius: 20)
[00:00:16 -4069.991568] AUTODETECT spr round 5 (radius: 25)
[00:00:16 -4068.588073] SPR radius for FAST iterations: 25 (autodetect)
[00:00:16 -4068.588073] Model parameter optimization (eps = 3.000000)
[00:00:16 -4044.842276] FAST spr round 1 (radius: 25)
[00:00:16 -3947.560737] FAST spr round 2 (radius: 25)
[00:00:16 -3937.923171] FAST spr round 3 (radius: 25)
[00:00:16 -3936.680605] FAST spr round 4 (radius: 25)
[00:00:17 -3934.545901] FAST spr round 5 (radius: 25)
[00:00:17 -3934.545679] Model parameter optimization (eps = 1.000000)
[00:00:17 -3934.136378] SLOW spr round 1 (radius: 5)
[00:00:17 -3934.132982] SLOW spr round 2 (radius: 10)
[00:00:18] [worker #1] ML tree search #8, logLikelihood: -3924.641442
[00:00:18 -3934.132959] SLOW spr round 3 (radius: 15)
[00:00:18 -3932.782650] SLOW spr round 4 (radius: 5)
[00:00:19 -3932.284009] SLOW spr round 5 (radius: 5)
[00:00:20 -3932.281185] SLOW spr round 6 (radius: 10)
[00:00:20 -3932.280904] SLOW spr round 7 (radius: 15)
[00:00:20 -3932.280875] SLOW spr round 8 (radius: 20)
[00:00:21 -3932.280872] SLOW spr round 9 (radius: 25)
[00:00:21 -3932.280872] Model parameter optimization (eps = 0.100000)

[00:00:21] [worker #0] ML tree search #9, logLikelihood: -3932.273542

[00:00:21 -4590.993601] Initial branch length optimization
[00:00:21 -4139.114988] Model parameter optimization (eps = 10.000000)
[00:00:21 -3969.273087] AUTODETECT spr round 1 (radius: 5)
[00:00:21 -3949.632365] AUTODETECT spr round 2 (radius: 10)
[00:00:22 -3942.409377] AUTODETECT spr round 3 (radius: 15)
[00:00:22 -3942.405630] SPR radius for FAST iterations: 10 (autodetect)
[00:00:22 -3942.405630] Model parameter optimization (eps = 3.000000)
[00:00:22 -3942.397232] FAST spr round 1 (radius: 10)
[00:00:22 -3929.766394] FAST spr round 2 (radius: 10)
[00:00:22 -3920.547383] FAST spr round 3 (radius: 10)
[00:00:22] [worker #1] ML tree search #10, logLikelihood: -3921.451677
[00:00:22 -3919.971415] FAST spr round 4 (radius: 10)
[00:00:22 -3919.970656] Model parameter optimization (eps = 1.000000)
[00:00:22 -3919.964646] SLOW spr round 1 (radius: 5)
[00:00:23 -3919.964589] SLOW spr round 2 (radius: 10)
[00:00:23 -3919.964588] SLOW spr round 3 (radius: 15)
[00:00:24 -3919.964588] SLOW spr round 4 (radius: 20)
[00:00:24 -3919.964588] SLOW spr round 5 (radius: 25)
[00:00:24 -3919.964588] Model parameter optimization (eps = 0.100000)

[00:00:24] [worker #0] ML tree search #11, logLikelihood: -3919.964481

[00:00:24 -4593.530870] Initial branch length optimization
[00:00:25 -4167.888686] Model parameter optimization (eps = 10.000000)
[00:00:25 -4001.897505] AUTODETECT spr round 1 (radius: 5)
[00:00:25 -3966.180044] AUTODETECT spr round 2 (radius: 10)
[00:00:25 -3963.658993] AUTODETECT spr round 3 (radius: 15)
[00:00:25 -3963.641888] SPR radius for FAST iterations: 10 (autodetect)
[00:00:25 -3963.641888] Model parameter optimization (eps = 3.000000)
[00:00:25 -3963.409224] FAST spr round 1 (radius: 10)
[00:00:25 -3947.598667] FAST spr round 2 (radius: 10)
[00:00:25 -3946.487362] FAST spr round 3 (radius: 10)
[00:00:26 -3945.823525] FAST spr round 4 (radius: 10)
[00:00:26] [worker #1] ML tree search #12, logLikelihood: -3932.273519
[00:00:26 -3943.905764] FAST spr round 5 (radius: 10)
[00:00:26 -3942.257981] FAST spr round 6 (radius: 10)
[00:00:26 -3935.552361] FAST spr round 7 (radius: 10)
[00:00:26 -3932.210395] FAST spr round 8 (radius: 10)
[00:00:27 -3922.164063] FAST spr round 9 (radius: 10)
[00:00:27 -3922.117104] Model parameter optimization (eps = 1.000000)
[00:00:27 -3921.987394] SLOW spr round 1 (radius: 5)
[00:00:28 -3921.454444] SLOW spr round 2 (radius: 5)
[00:00:28 -3921.453895] SLOW spr round 3 (radius: 10)
[00:00:29 -3921.453879] SLOW spr round 4 (radius: 15)
[00:00:29 -3921.453879] SLOW spr round 5 (radius: 20)
[00:00:30 -3921.453879] SLOW spr round 6 (radius: 25)
[00:00:30] [worker #1] ML tree search #14, logLikelihood: -3924.641511
[00:00:30 -3921.453879] Model parameter optimization (eps = 0.100000)

[00:00:30] [worker #0] ML tree search #13, logLikelihood: -3921.451641

[00:00:30 -4615.339288] Initial branch length optimization
[00:00:30 -4177.957208] Model parameter optimization (eps = 10.000000)
[00:00:30 -4006.998375] AUTODETECT spr round 1 (radius: 5)
[00:00:30 -3945.281740] AUTODETECT spr round 2 (radius: 10)
[00:00:30 -3942.738931] AUTODETECT spr round 3 (radius: 15)
[00:00:30 -3942.732608] SPR radius for FAST iterations: 10 (autodetect)
[00:00:30 -3942.732608] Model parameter optimization (eps = 3.000000)
[00:00:30 -3942.471424] FAST spr round 1 (radius: 10)
[00:00:31 -3922.386866] FAST spr round 2 (radius: 10)
[00:00:31 -3922.004923] FAST spr round 3 (radius: 10)
[00:00:31 -3922.004793] Model parameter optimization (eps = 1.000000)
[00:00:31 -3921.985219] SLOW spr round 1 (radius: 5)
[00:00:32 -3921.453134] SLOW spr round 2 (radius: 5)
[00:00:32 -3921.452942] SLOW spr round 3 (radius: 10)
[00:00:33 -3921.452937] SLOW spr round 4 (radius: 15)
[00:00:33 -3921.452937] SLOW spr round 5 (radius: 20)
[00:00:34 -3921.452937] SLOW spr round 6 (radius: 25)
[00:00:34 -3921.452937] Model parameter optimization (eps = 0.100000)

[00:00:34] [worker #0] ML tree search #15, logLikelihood: -3921.451598

[00:00:34 -4614.392449] Initial branch length optimization
[00:00:34 -4179.661368] Model parameter optimization (eps = 10.000000)
[00:00:34 -4006.402501] AUTODETECT spr round 1 (radius: 5)
[00:00:34 -3955.732321] AUTODETECT spr round 2 (radius: 10)
[00:00:34 -3955.725361] SPR radius for FAST iterations: 5 (autodetect)
[00:00:34 -3955.725361] Model parameter optimization (eps = 3.000000)
[00:00:34 -3955.691856] FAST spr round 1 (radius: 5)
[00:00:35 -3952.799174] FAST spr round 2 (radius: 5)
[00:00:35] [worker #1] ML tree search #16, logLikelihood: -3921.451564
[00:00:35 -3951.961143] FAST spr round 3 (radius: 5)
[00:00:35 -3951.431125] FAST spr round 4 (radius: 5)
[00:00:35 -3951.350646] Model parameter optimization (eps = 1.000000)
[00:00:35 -3951.346104] SLOW spr round 1 (radius: 5)
[00:00:36 -3948.666859] SLOW spr round 2 (radius: 5)
[00:00:37 -3948.665534] SLOW spr round 3 (radius: 10)
[00:00:37 -3948.320823] SLOW spr round 4 (radius: 5)
[00:00:38 -3948.320494] SLOW spr round 5 (radius: 10)
[00:00:38] [worker #1] ML tree search #18, logLikelihood: -3924.640983
[00:00:39 -3946.112016] SLOW spr round 6 (radius: 5)
[00:00:40 -3937.669969] SLOW spr round 7 (radius: 5)
[00:00:40 -3937.669761] SLOW spr round 8 (radius: 10)
[00:00:41 -3937.669756] SLOW spr round 9 (radius: 15)
[00:00:41 -3931.312422] SLOW spr round 10 (radius: 5)
[00:00:42 -3931.308870] SLOW spr round 11 (radius: 10)
[00:00:43 -3931.308623] SLOW spr round 12 (radius: 15)
[00:00:43 -3931.308601] SLOW spr round 13 (radius: 20)
[00:00:44 -3931.308599] SLOW spr round 14 (radius: 25)
[00:00:44 -3931.308599] Model parameter optimization (eps = 0.100000)

[00:00:44] [worker #0] ML tree search #17, logLikelihood: -3931.292604

[00:00:44 -4645.694318] Initial branch length optimization
[00:00:44 -4195.109308] Model parameter optimization (eps = 10.000000)
[00:00:44 -4024.166641] AUTODETECT spr round 1 (radius: 5)
[00:00:44 -3981.139048] AUTODETECT spr round 2 (radius: 10)
[00:00:44 -3973.075698] AUTODETECT spr round 3 (radius: 15)
[00:00:45 -3973.064963] SPR radius for FAST iterations: 10 (autodetect)
[00:00:45 -3973.064963] Model parameter optimization (eps = 3.000000)
[00:00:45 -3973.032041] FAST spr round 1 (radius: 10)
[00:00:45 -3939.394376] FAST spr round 2 (radius: 10)
[00:00:45 -3923.720724] FAST spr round 3 (radius: 10)
[00:00:45 -3922.638796] FAST spr round 4 (radius: 10)
[00:00:46 -3922.067707] FAST spr round 5 (radius: 10)
[00:00:46 -3922.067006] Model parameter optimization (eps = 1.000000)
[00:00:46 -3921.987236] SLOW spr round 1 (radius: 5)
[00:00:46 -3921.454896] SLOW spr round 2 (radius: 5)
[00:00:47 -3921.454481] SLOW spr round 3 (radius: 10)
[00:00:47 -3921.454474] SLOW spr round 4 (radius: 15)
[00:00:48 -3921.454474] SLOW spr round 5 (radius: 20)
[00:00:49 -3921.454474] SLOW spr round 6 (radius: 25)
[00:00:49] [worker #1] ML tree search #20, logLikelihood: -3931.292486
[00:00:49 -3921.454474] Model parameter optimization (eps = 0.100000)

[00:00:49] [worker #0] ML tree search #19, logLikelihood: -3921.451632


Optimized model parameters:

   Partition 0: noname
   Rate heterogeneity: GAMMA (4 cats, mean),  alpha: 0.567995 (ML),  weights&rates: (0.250000,0.046582) (0.250000,0.294007) (0.250000,0.864069) (0.250000,2.795343) 
   Base frequencies (ML): 0.744033 0.255967 
   Substitution rates (ML): 1.000000 


Final LogLikelihood: -3919.964481

AIC score: 8021.928962 / AICc score: 8072.211244 / BIC score: 8390.669077
Free parameters (model + branch lengths): 91

Best ML tree saved to: /home/luise/master_thesis/output/raxml/filtering/morpho.raxml.bestTree
All ML trees saved to: /home/luise/master_thesis/output/raxml/filtering/morpho.raxml.mlTrees
Optimized model saved to: /home/luise/master_thesis/output/raxml/filtering/morpho.raxml.bestModel

Execution log saved to: /home/luise/master_thesis/output/raxml/filtering/morpho.raxml.log

Analysis started: 03-Nov-2022 18:25:46 / finished: 03-Nov-2022 18:26:35

Elapsed time: 49.328 seconds

