
RAxML-NG v. 1.1.0-master released on 04.08.2022 by The Exelixis Lab.
Developed by: Alexey M. Kozlov and Alexandros Stamatakis.
Contributors: Diego Darriba, Tomas Flouri, Benoit Morel, Sarah Lutteropp, Ben Bettisworth.
Latest version: https://github.com/amkozlov/raxml-ng
Questions/problems/suggestions? Please visit: https://groups.google.com/forum/#!forum/raxml

System: Intel(R) Core(TM) i7-7500U CPU @ 2.70GHz, 2 cores, 15 GB RAM

RAxML-NG was called at 19-Oct-2022 11:37:11 as follows:

./../raxml-ng/build/bin/raxml-ng --msa ../data/language_alignments/IE2011_RelaxedCovarion_AllSingletonsGeo.phy --model BIN+G --prefix ../output/raxml/COGNATE/T_3 --threads 2 --seed 2

Analysis options:
  run mode: ML tree search
  start tree(s): random (10) + parsimony (10)
  random seed: 2
  tip-inner: OFF
  pattern compression: ON
  per-rate scalers: OFF
  site repeats: ON
  fast spr radius: AUTO
  spr subtree cutoff: 1.000000
  branch lengths: proportional (ML estimate, algorithm: NR-FAST)
  SIMD kernels: AVX2
  parallelization: coarse-grained (auto), PTHREADS (2 threads), thread pinning: OFF

[00:00:00] Reading alignment from file: ../data/language_alignments/IE2011_RelaxedCovarion_AllSingletonsGeo.phy
[00:00:00] Loaded alignment with 46 taxa and 5997 sites

Alignment comprises 1 partitions and 1573 patterns

Partition 0: noname
Model: BIN+FO+G4m
Alignment sites / patterns: 5997 / 1573
Gaps: 1.62 %
Invariant sites: 40.55 %


NOTE: Binary MSA file created: ../output/raxml/COGNATE/T_3.raxml.rba

Parallelization scheme autoconfig: 2 worker(s) x 1 thread(s)

Parallel reduction/worker buffer size: 1 KB  / 0 KB

[00:00:00] Generating 10 random starting tree(s) with 46 taxa
[00:00:00] Generating 10 parsimony starting tree(s) with 46 taxa
[00:00:00] Data distribution: max. partitions/sites/weight per thread: 1 / 1573 / 12584
[00:00:00] Data distribution: max. searches per worker: 10

Starting ML tree search with 20 distinct starting trees

[00:00:00 -49672.056714] Initial branch length optimization
[00:00:00 -41487.070321] Model parameter optimization (eps = 10.000000)
[00:00:00 -34798.209090] AUTODETECT spr round 1 (radius: 5)
[00:00:01 -28402.229970] AUTODETECT spr round 2 (radius: 10)
[00:00:02 -27996.293045] AUTODETECT spr round 3 (radius: 15)
[00:00:03 -27996.270795] SPR radius for FAST iterations: 10 (autodetect)
[00:00:03 -27996.270795] Model parameter optimization (eps = 3.000000)
[00:00:03 -27594.818831] FAST spr round 1 (radius: 10)
[00:00:05 -27245.400220] FAST spr round 2 (radius: 10)
[00:00:07 -27181.628168] FAST spr round 3 (radius: 10)
[00:00:08 -27167.415327] FAST spr round 4 (radius: 10)
[00:00:09 -27167.414361] Model parameter optimization (eps = 1.000000)
[00:00:09 -27152.571935] SLOW spr round 1 (radius: 5)
[00:00:13 -27152.530274] SLOW spr round 2 (radius: 10)
[00:00:16 -27152.528512] SLOW spr round 3 (radius: 15)
[00:00:19 -27152.528170] SLOW spr round 4 (radius: 20)
[00:00:19 -27152.528068] SLOW spr round 5 (radius: 25)
[00:00:19 -27152.528036] Model parameter optimization (eps = 0.100000)

[00:00:19] [worker #0] ML tree search #1, logLikelihood: -27152.360731

[00:00:19 -49265.218742] Initial branch length optimization
[00:00:19 -41181.258118] Model parameter optimization (eps = 10.000000)
[00:00:20 -34703.532732] AUTODETECT spr round 1 (radius: 5)
[00:00:20 -27802.378860] AUTODETECT spr round 2 (radius: 10)
[00:00:21] [worker #1] ML tree search #2, logLikelihood: -27152.362863
[00:00:21 -27623.264238] AUTODETECT spr round 3 (radius: 15)
[00:00:22 -27623.239612] SPR radius for FAST iterations: 10 (autodetect)
[00:00:22 -27623.239612] Model parameter optimization (eps = 3.000000)
[00:00:22 -27384.346043] FAST spr round 1 (radius: 10)
[00:00:24 -27184.720160] FAST spr round 2 (radius: 10)
[00:00:26 -27160.997541] FAST spr round 3 (radius: 10)
[00:00:27 -27158.313658] FAST spr round 4 (radius: 10)
[00:00:28 -27157.743761] FAST spr round 5 (radius: 10)
[00:00:30 -27157.570468] FAST spr round 6 (radius: 10)
[00:00:31 -27157.568379] Model parameter optimization (eps = 1.000000)
[00:00:31 -27152.958774] SLOW spr round 1 (radius: 5)
[00:00:35 -27152.534384] SLOW spr round 2 (radius: 5)
[00:00:39 -27152.533661] SLOW spr round 3 (radius: 10)
[00:00:43 -27152.533466] SLOW spr round 4 (radius: 15)
[00:00:46] [worker #1] ML tree search #4, logLikelihood: -27152.362071
[00:00:46 -27152.533406] SLOW spr round 5 (radius: 20)
[00:00:46 -27152.533387] SLOW spr round 6 (radius: 25)
[00:00:47 -27152.533381] Model parameter optimization (eps = 0.100000)

[00:00:47] [worker #0] ML tree search #3, logLikelihood: -27152.361046

[00:00:47 -49379.070086] Initial branch length optimization
[00:00:47 -41269.486684] Model parameter optimization (eps = 10.000000)
[00:00:47 -34766.344363] AUTODETECT spr round 1 (radius: 5)
[00:00:48 -29115.651821] AUTODETECT spr round 2 (radius: 10)
[00:00:49 -28123.499353] AUTODETECT spr round 3 (radius: 15)
[00:00:49 -28123.216155] AUTODETECT spr round 4 (radius: 20)
[00:00:50 -28123.187292] SPR radius for FAST iterations: 15 (autodetect)
[00:00:50 -28123.187292] Model parameter optimization (eps = 3.000000)
[00:00:50 -27838.435494] FAST spr round 1 (radius: 15)
[00:00:53 -27189.190937] FAST spr round 2 (radius: 15)
[00:00:54 -27163.605761] FAST spr round 3 (radius: 15)
[00:00:56 -27162.990618] FAST spr round 4 (radius: 15)
[00:00:57 -27162.787920] FAST spr round 5 (radius: 15)
[00:00:58 -27162.458606] FAST spr round 6 (radius: 15)
[00:01:00 -27162.372051] Model parameter optimization (eps = 1.000000)
[00:01:00 -27152.486116] SLOW spr round 1 (radius: 5)
[00:01:05 -27152.459573] SLOW spr round 2 (radius: 10)
[00:01:08 -27152.457731] SLOW spr round 3 (radius: 15)
[00:01:12] [worker #1] ML tree search #6, logLikelihood: -27152.368993
[00:01:12 -27152.457298] SLOW spr round 4 (radius: 20)
[00:01:12 -27152.457167] SLOW spr round 5 (radius: 25)
[00:01:12 -27152.457125] Model parameter optimization (eps = 0.100000)

[00:01:12] [worker #0] ML tree search #5, logLikelihood: -27152.373921

[00:01:12 -49481.120464] Initial branch length optimization
[00:01:12 -41324.734944] Model parameter optimization (eps = 10.000000)
[00:01:12 -34960.710840] AUTODETECT spr round 1 (radius: 5)
[00:01:13 -28956.181757] AUTODETECT spr round 2 (radius: 10)
[00:01:14 -27930.033613] AUTODETECT spr round 3 (radius: 15)
[00:01:15 -27930.027084] SPR radius for FAST iterations: 10 (autodetect)
[00:01:15 -27930.027084] Model parameter optimization (eps = 3.000000)
[00:01:15 -27663.340702] FAST spr round 1 (radius: 10)
[00:01:18 -27168.948478] FAST spr round 2 (radius: 10)
[00:01:19 -27156.706796] FAST spr round 3 (radius: 10)
[00:01:21 -27156.389385] FAST spr round 4 (radius: 10)
[00:01:22 -27156.386432] Model parameter optimization (eps = 1.000000)
[00:01:22 -27153.212232] SLOW spr round 1 (radius: 5)
[00:01:26 -27152.516251] SLOW spr round 2 (radius: 5)
[00:01:30 -27152.515268] SLOW spr round 3 (radius: 10)
[00:01:34 -27152.515114] SLOW spr round 4 (radius: 15)
[00:01:37] [worker #1] ML tree search #8, logLikelihood: -27152.357037
[00:01:37 -27152.515069] SLOW spr round 5 (radius: 20)
[00:01:37 -27152.515053] SLOW spr round 6 (radius: 25)
[00:01:38 -27152.515049] Model parameter optimization (eps = 0.100000)

[00:01:38] [worker #0] ML tree search #7, logLikelihood: -27152.360081

[00:01:38 -48991.880559] Initial branch length optimization
[00:01:38 -41017.850024] Model parameter optimization (eps = 10.000000)
[00:01:38 -34643.028635] AUTODETECT spr round 1 (radius: 5)
[00:01:39 -28153.178871] AUTODETECT spr round 2 (radius: 10)
[00:01:40 -28000.835040] AUTODETECT spr round 3 (radius: 15)
[00:01:41 -27831.782869] AUTODETECT spr round 4 (radius: 20)
[00:01:41 -27831.731112] SPR radius for FAST iterations: 15 (autodetect)
[00:01:41 -27831.731112] Model parameter optimization (eps = 3.000000)
[00:01:41 -27468.217222] FAST spr round 1 (radius: 15)
[00:01:44 -27177.045112] FAST spr round 2 (radius: 15)
[00:01:45 -27165.704156] FAST spr round 3 (radius: 15)
[00:01:47 -27164.059050] FAST spr round 4 (radius: 15)
[00:01:48 -27162.205122] FAST spr round 5 (radius: 15)
[00:01:49 -27162.201056] Model parameter optimization (eps = 1.000000)
[00:01:50 -27152.870391] SLOW spr round 1 (radius: 5)
[00:01:54 -27152.441992] SLOW spr round 2 (radius: 5)
[00:01:58 -27152.441266] SLOW spr round 3 (radius: 10)
[00:02:00] [worker #1] ML tree search #10, logLikelihood: -27152.366819
[00:02:02 -27152.441150] SLOW spr round 4 (radius: 15)
[00:02:05 -27152.441118] SLOW spr round 5 (radius: 20)
[00:02:06 -27152.441108] SLOW spr round 6 (radius: 25)
[00:02:06 -27152.441104] Model parameter optimization (eps = 0.100000)

[00:02:06] [worker #0] ML tree search #9, logLikelihood: -27152.370342

[00:02:06 -40311.638374] Initial branch length optimization
[00:02:06 -32704.413904] Model parameter optimization (eps = 10.000000)
[00:02:06 -27255.987531] AUTODETECT spr round 1 (radius: 5)
[00:02:07 -27158.511483] AUTODETECT spr round 2 (radius: 10)
[00:02:08 -27158.492474] SPR radius for FAST iterations: 5 (autodetect)
[00:02:08 -27158.492474] Model parameter optimization (eps = 3.000000)
[00:02:08 -27158.276941] FAST spr round 1 (radius: 5)
[00:02:09 -27153.031553] FAST spr round 2 (radius: 5)
[00:02:11 -27152.721817] FAST spr round 3 (radius: 5)
[00:02:12 -27152.719674] Model parameter optimization (eps = 1.000000)
[00:02:12 -27152.713874] SLOW spr round 1 (radius: 5)
[00:02:16 -27152.352679] SLOW spr round 2 (radius: 5)
[00:02:17] [worker #1] ML tree search #12, logLikelihood: -27152.349376
[00:02:20 -27152.351807] SLOW spr round 3 (radius: 10)
[00:02:24 -27152.351531] SLOW spr round 4 (radius: 15)
[00:02:27 -27152.351443] SLOW spr round 5 (radius: 20)
[00:02:27 -27152.351415] SLOW spr round 6 (radius: 25)
[00:02:27 -27152.351406] Model parameter optimization (eps = 0.100000)

[00:02:27] [worker #0] ML tree search #11, logLikelihood: -27152.349417

[00:02:28 -40368.185144] Initial branch length optimization
[00:02:28 -32729.509091] Model parameter optimization (eps = 10.000000)
[00:02:28 -27296.338398] AUTODETECT spr round 1 (radius: 5)
[00:02:29 -27165.834897] AUTODETECT spr round 2 (radius: 10)
[00:02:30 -27165.824325] SPR radius for FAST iterations: 5 (autodetect)
[00:02:30 -27165.824325] Model parameter optimization (eps = 3.000000)
[00:02:30 -27165.439744] FAST spr round 1 (radius: 5)
[00:02:31 -27155.741490] FAST spr round 2 (radius: 5)
[00:02:32 -27153.296961] FAST spr round 3 (radius: 5)
[00:02:34 -27152.743175] FAST spr round 4 (radius: 5)
[00:02:35 -27152.742035] Model parameter optimization (eps = 1.000000)
[00:02:35 -27152.715100] SLOW spr round 1 (radius: 5)
[00:02:39] [worker #1] ML tree search #14, logLikelihood: -27152.349508
[00:02:39 -27152.359342] SLOW spr round 2 (radius: 5)
[00:02:43 -27152.358494] SLOW spr round 3 (radius: 10)
[00:02:47 -27152.358231] SLOW spr round 4 (radius: 15)
[00:02:51 -27152.358146] SLOW spr round 5 (radius: 20)
[00:02:51 -27152.358119] SLOW spr round 6 (radius: 25)
[00:02:51 -27152.358111] Model parameter optimization (eps = 0.100000)

[00:02:51] [worker #0] ML tree search #13, logLikelihood: -27152.350181

[00:02:51 -40273.029488] Initial branch length optimization
[00:02:51 -32688.737626] Model parameter optimization (eps = 10.000000)
[00:02:51 -27255.484587] AUTODETECT spr round 1 (radius: 5)
[00:02:52 -27158.479574] AUTODETECT spr round 2 (radius: 10)
[00:02:54 -27158.467206] SPR radius for FAST iterations: 5 (autodetect)
[00:02:54 -27158.467206] Model parameter optimization (eps = 3.000000)
[00:02:54 -27158.104701] FAST spr round 1 (radius: 5)
[00:02:55 -27152.357133] FAST spr round 2 (radius: 5)
[00:02:56 -27152.355482] Model parameter optimization (eps = 1.000000)
[00:02:56 -27152.349682] SLOW spr round 1 (radius: 5)
[00:02:59] [worker #1] ML tree search #16, logLikelihood: -27152.352166
[00:03:00 -27152.349567] SLOW spr round 2 (radius: 10)
[00:03:04 -27152.349546] SLOW spr round 3 (radius: 15)
[00:03:08 -27152.349541] SLOW spr round 4 (radius: 20)
[00:03:08 -27152.349539] SLOW spr round 5 (radius: 25)
[00:03:08 -27152.349538] Model parameter optimization (eps = 0.100000)

[00:03:08] [worker #0] ML tree search #15, logLikelihood: -27152.349410

[00:03:08 -40322.002913] Initial branch length optimization
[00:03:08 -32750.967372] Model parameter optimization (eps = 10.000000)
[00:03:08 -27260.623393] AUTODETECT spr round 1 (radius: 5)
[00:03:09 -27158.839222] AUTODETECT spr round 2 (radius: 10)
[00:03:10 -27158.830253] SPR radius for FAST iterations: 5 (autodetect)
[00:03:10 -27158.830253] Model parameter optimization (eps = 3.000000)
[00:03:11 -27158.528714] FAST spr round 1 (radius: 5)
[00:03:12 -27152.720533] FAST spr round 2 (radius: 5)
[00:03:13 -27152.718188] Model parameter optimization (eps = 1.000000)
[00:03:13 -27152.707441] SLOW spr round 1 (radius: 5)
[00:03:16] [worker #1] ML tree search #18, logLikelihood: -27152.353235
[00:03:17 -27152.354606] SLOW spr round 2 (radius: 5)
[00:03:21 -27152.354567] SLOW spr round 3 (radius: 10)
[00:03:25 -27152.354562] SLOW spr round 4 (radius: 15)
[00:03:28 -27152.354560] SLOW spr round 5 (radius: 20)
[00:03:28 -27152.354560] SLOW spr round 6 (radius: 25)
[00:03:28 -27152.354559] Model parameter optimization (eps = 0.100000)

[00:03:28] [worker #0] ML tree search #17, logLikelihood: -27152.349746

[00:03:28 -40287.751648] Initial branch length optimization
[00:03:29 -32689.391682] Model parameter optimization (eps = 10.000000)
[00:03:29 -27278.501006] AUTODETECT spr round 1 (radius: 5)
[00:03:30 -27156.709563] AUTODETECT spr round 2 (radius: 10)
[00:03:31 -27156.690623] SPR radius for FAST iterations: 5 (autodetect)
[00:03:31 -27156.690623] Model parameter optimization (eps = 3.000000)
[00:03:31 -27156.242527] FAST spr round 1 (radius: 5)
[00:03:32 -27153.291179] FAST spr round 2 (radius: 5)
[00:03:34] [worker #1] ML tree search #20, logLikelihood: -27152.353413
[00:03:34 -27153.097559] FAST spr round 3 (radius: 5)
[00:03:35 -27152.717263] FAST spr round 4 (radius: 5)
[00:03:36 -27152.715605] Model parameter optimization (eps = 1.000000)
[00:03:36 -27152.707684] SLOW spr round 1 (radius: 5)
[00:03:40 -27152.351919] SLOW spr round 2 (radius: 5)
[00:03:44 -27152.351833] SLOW spr round 3 (radius: 10)
[00:03:48 -27152.351813] SLOW spr round 4 (radius: 15)
[00:03:51 -27152.351807] SLOW spr round 5 (radius: 20)
[00:03:51 -27152.351805] SLOW spr round 6 (radius: 25)
[00:03:51 -27152.351804] Model parameter optimization (eps = 0.100000)

[00:03:51] [worker #0] ML tree search #19, logLikelihood: -27152.349471


Optimized model parameters:

   Partition 0: noname
   Rate heterogeneity: GAMMA (4 cats, mean),  alpha: 2.701623 (ML),  weights&rates: (0.250000,0.364775) (0.250000,0.713544) (0.250000,1.080586) (0.250000,1.841095) 
   Base frequencies (ML): 0.963530 0.036470 
   Substitution rates (ML): 1.000000 


Final LogLikelihood: -27152.349376

AIC score: 54486.698752 / AICc score: 54489.534315 / BIC score: 55096.309083
Free parameters (model + branch lengths): 91

Best ML tree saved to: /home/luise/master_thesis/output/raxml/COGNATE/T_3.raxml.bestTree
All ML trees saved to: /home/luise/master_thesis/output/raxml/COGNATE/T_3.raxml.mlTrees
Optimized model saved to: /home/luise/master_thesis/output/raxml/COGNATE/T_3.raxml.bestModel

Execution log saved to: /home/luise/master_thesis/output/raxml/COGNATE/T_3.raxml.log

Analysis started: 19-Oct-2022 11:37:11 / finished: 19-Oct-2022 11:41:02

Elapsed time: 231.581 seconds

