
RAxML-NG v. 1.1.0-master released on 04.08.2022 by The Exelixis Lab.
Developed by: Alexey M. Kozlov and Alexandros Stamatakis.
Contributors: Diego Darriba, Tomas Flouri, Benoit Morel, Sarah Lutteropp, Ben Bettisworth.
Latest version: https://github.com/amkozlov/raxml-ng
Questions/problems/suggestions? Please visit: https://groups.google.com/forum/#!forum/raxml

System: Intel(R) Core(TM) i7-7500U CPU @ 2.70GHz, 2 cores, 15 GB RAM

RAxML-NG was called at 19-Oct-2022 11:51:37 as follows:

./../raxml-ng/build/bin/raxml-ng --search1 --msa ../data/language_alignments/IE2011_RelaxedCovarion_AllSingletonsGeo.phy --model BIN+G --prefix ../output/raxml/COGNATE/T_5 --threads 2 --seed 2

Analysis options:
  run mode: ML tree search
  start tree(s): random (1)
  random seed: 2
  tip-inner: OFF
  pattern compression: ON
  per-rate scalers: OFF
  site repeats: ON
  fast spr radius: AUTO
  spr subtree cutoff: 1.000000
  branch lengths: proportional (ML estimate, algorithm: NR-FAST)
  SIMD kernels: AVX2
  parallelization: coarse-grained (auto), PTHREADS (2 threads), thread pinning: OFF

[00:00:00] Reading alignment from file: ../data/language_alignments/IE2011_RelaxedCovarion_AllSingletonsGeo.phy
[00:00:00] Loaded alignment with 46 taxa and 5997 sites

Alignment comprises 1 partitions and 1573 patterns

Partition 0: noname
Model: BIN+FO+G4m
Alignment sites / patterns: 5997 / 1573
Gaps: 1.62 %
Invariant sites: 40.55 %


NOTE: Binary MSA file created: ../output/raxml/COGNATE/T_5.raxml.rba

Parallelization scheme autoconfig: 1 worker(s) x 2 thread(s)

Parallel reduction/worker buffer size: 1 KB  / 0 KB

[00:00:00] Generating 1 random starting tree(s) with 46 taxa
[00:00:00] Data distribution: max. partitions/sites/weight per thread: 1 / 787 / 6296
[00:00:00] Data distribution: max. searches per worker: 1

Starting ML tree search with 1 distinct starting trees

[00:00:00 -49672.056714] Initial branch length optimization
[00:00:00 -41487.070321] Model parameter optimization (eps = 10.000000)
[00:00:00 -34798.209090] AUTODETECT spr round 1 (radius: 5)
[00:00:00 -28402.229970] AUTODETECT spr round 2 (radius: 10)
[00:00:02 -27996.293045] AUTODETECT spr round 3 (radius: 15)
[00:00:02 -27996.270795] SPR radius for FAST iterations: 10 (autodetect)
[00:00:02 -27996.270795] Model parameter optimization (eps = 3.000000)
[00:00:02 -27594.818831] FAST spr round 1 (radius: 10)
[00:00:04 -27245.400220] FAST spr round 2 (radius: 10)
[00:00:05 -27181.628168] FAST spr round 3 (radius: 10)
[00:00:06 -27167.415327] FAST spr round 4 (radius: 10)
[00:00:06 -27167.414361] Model parameter optimization (eps = 1.000000)
[00:00:06 -27152.571935] SLOW spr round 1 (radius: 5)
[00:00:09 -27152.530274] SLOW spr round 2 (radius: 10)
[00:00:11 -27152.528512] SLOW spr round 3 (radius: 15)
[00:00:12 -27152.528169] SLOW spr round 4 (radius: 20)
[00:00:12 -27152.528068] SLOW spr round 5 (radius: 25)
[00:00:12 -27152.528036] Model parameter optimization (eps = 0.100000)

[00:00:12] ML tree search #1, logLikelihood: -27152.360731


Optimized model parameters:

   Partition 0: noname
   Rate heterogeneity: GAMMA (4 cats, mean),  alpha: 2.672212 (ML),  weights&rates: (0.250000,0.362199) (0.250000,0.711596) (0.250000,1.080338) (0.250000,1.845867) 
   Base frequencies (ML): 0.963575 0.036425 
   Substitution rates (ML): 1.000000 


Final LogLikelihood: -27152.360731

AIC score: 54486.721463 / AICc score: 54489.557026 / BIC score: 55096.331794
Free parameters (model + branch lengths): 91

Best ML tree saved to: /home/luise/master_thesis/output/raxml/COGNATE/T_5.raxml.bestTree
Optimized model saved to: /home/luise/master_thesis/output/raxml/COGNATE/T_5.raxml.bestModel

Execution log saved to: /home/luise/master_thesis/output/raxml/COGNATE/T_5.raxml.log

Analysis started: 19-Oct-2022 11:51:37 / finished: 19-Oct-2022 11:51:50

Elapsed time: 12.956 seconds

