
RAxML-NG v. 1.1.0-master released on 04.08.2022 by The Exelixis Lab.
Developed by: Alexey M. Kozlov and Alexandros Stamatakis.
Contributors: Diego Darriba, Tomas Flouri, Benoit Morel, Sarah Lutteropp, Ben Bettisworth.
Latest version: https://github.com/amkozlov/raxml-ng
Questions/problems/suggestions? Please visit: https://groups.google.com/forum/#!forum/raxml

System: Intel(R) Core(TM) i7-7500U CPU @ 2.70GHz, 2 cores, 15 GB RAM

RAxML-NG was called at 11-Oct-2022 11:29:15 as follows:

./../raxml-ng/build/bin/raxml-ng --check --msa ../data/language_alignments/Indo-European_WALS_BinaryOutgroup_March21_stability.ONLYFIN_common_grammatical_filtered_-5.0.phy --model BIN --prefix ../output/raxml/MORPHOLOGICAL_FILTERED/T_1

Analysis options:
  run mode: Alignment validation
  start tree(s): 
  random seed: 1665480555
  SIMD kernels: AVX2
  parallelization: coarse-grained (auto), PTHREADS (auto)

[00:00:00] Reading alignment from file: ../data/language_alignments/Indo-European_WALS_BinaryOutgroup_March21_stability.ONLYFIN_common_grammatical_filtered_-5.0.phy
[00:00:00] Loaded alignment with 46 taxa and 208 sites

Alignment comprises 1 partitions and 208 sites

Partition 0: noname
Model: BIN+FO
Alignment sites: 208
Gaps: 1.81 %
Invariant sites: 42.31 %



Alignment can be successfully read by RAxML-NG.


Execution log saved to: /home/luise/master_thesis/output/raxml/MORPHOLOGICAL_FILTERED/T_1.raxml.log

Analysis started: 11-Oct-2022 11:29:15 / finished: 11-Oct-2022 11:29:15

Elapsed time: 0.016 seconds

