
RAxML-NG v. 1.1.0-master released on 04.08.2022 by The Exelixis Lab.
Developed by: Alexey M. Kozlov and Alexandros Stamatakis.
Contributors: Diego Darriba, Tomas Flouri, Benoit Morel, Sarah Lutteropp, Ben Bettisworth.
Latest version: https://github.com/amkozlov/raxml-ng
Questions/problems/suggestions? Please visit: https://groups.google.com/forum/#!forum/raxml

System: Intel(R) Core(TM) i7-7500U CPU @ 2.70GHz, 2 cores, 15 GB RAM

RAxML-NG was called at 11-Oct-2022 11:29:15 as follows:

./../raxml-ng/build/bin/raxml-ng --parse --msa ../data/language_alignments/Indo-European_WALS_BinaryOutgroup_March21_stability.ONLYFIN_common_grammatical_filtered_-5.0.phy --model BIN --prefix ../output/raxml/MORPHOLOGICAL_FILTERED/T_2

Analysis options:
  run mode: Alignment parsing and compression
  start tree(s): 
  random seed: 1665480555
  tip-inner: OFF
  pattern compression: ON
  per-rate scalers: OFF
  site repeats: ON
  branch lengths: proportional (ML estimate, algorithm: NR-FAST)
  SIMD kernels: AVX2
  parallelization: coarse-grained (auto), PTHREADS (auto)

[00:00:00] Reading alignment from file: ../data/language_alignments/Indo-European_WALS_BinaryOutgroup_March21_stability.ONLYFIN_common_grammatical_filtered_-5.0.phy
[00:00:00] Loaded alignment with 46 taxa and 208 sites

Alignment comprises 1 partitions and 129 patterns

Partition 0: noname
Model: BIN+FO
Alignment sites / patterns: 208 / 129
Gaps: 1.81 %
Invariant sites: 42.31 %


NOTE: Binary MSA file created: ../output/raxml/MORPHOLOGICAL_FILTERED/T_2.raxml.rba


* Estimated memory requirements                : 1 MB

* Recommended number of threads / MPI processes: 1

Please note that numbers given above are rough estimates only. 
Actual memory consumption and parallel performance on your system may differ!

Alignment can be successfully read by RAxML-NG.


Execution log saved to: /home/luise/master_thesis/output/raxml/MORPHOLOGICAL_FILTERED/T_2.raxml.log

Analysis started: 11-Oct-2022 11:29:15 / finished: 11-Oct-2022 11:29:15

Elapsed time: 0.003 seconds

