
RAxML-NG v. 1.1.0-master released on 04.08.2022 by The Exelixis Lab.
Developed by: Alexey M. Kozlov and Alexandros Stamatakis.
Contributors: Diego Darriba, Tomas Flouri, Benoit Morel, Sarah Lutteropp, Ben Bettisworth.
Latest version: https://github.com/amkozlov/raxml-ng
Questions/problems/suggestions? Please visit: https://groups.google.com/forum/#!forum/raxml

System: Intel(R) Core(TM) i7-7500U CPU @ 2.70GHz, 2 cores, 15 GB RAM

RAxML-NG was called at 11-Oct-2022 11:29:38 as follows:

./../raxml-ng/build/bin/raxml-ng --msa ../data/language_alignments/Indo-European_WALS_BinaryOutgroup_March21_stability.ONLYFIN_common_grammatical_filtered_-5.0.phy --model BIN --prefix ../output/raxml/MORPHOLOGICAL_FILTERED/T_4 --threads 2 --seed 2 --tree pars{25},rand{25}

Analysis options:
  run mode: ML tree search
  start tree(s): random (25) + parsimony (25)
  random seed: 2
  tip-inner: OFF
  pattern compression: ON
  per-rate scalers: OFF
  site repeats: ON
  fast spr radius: AUTO
  spr subtree cutoff: 1.000000
  branch lengths: proportional (ML estimate, algorithm: NR-FAST)
  SIMD kernels: AVX2
  parallelization: coarse-grained (auto), PTHREADS (2 threads), thread pinning: OFF

[00:00:00] Reading alignment from file: ../data/language_alignments/Indo-European_WALS_BinaryOutgroup_March21_stability.ONLYFIN_common_grammatical_filtered_-5.0.phy
[00:00:00] Loaded alignment with 46 taxa and 208 sites

Alignment comprises 1 partitions and 129 patterns

Partition 0: noname
Model: BIN+FO
Alignment sites / patterns: 208 / 129
Gaps: 1.81 %
Invariant sites: 42.31 %


NOTE: Binary MSA file created: ../output/raxml/MORPHOLOGICAL_FILTERED/T_4.raxml.rba

Parallelization scheme autoconfig: 2 worker(s) x 1 thread(s)

Parallel reduction/worker buffer size: 1 KB  / 0 KB

[00:00:00] Generating 25 random starting tree(s) with 46 taxa
[00:00:00] Generating 25 parsimony starting tree(s) with 46 taxa
[00:00:00] Data distribution: max. partitions/sites/weight per thread: 1 / 129 / 258
[00:00:00] Data distribution: max. searches per worker: 25

Starting ML tree search with 50 distinct starting trees

[00:00:02] [worker #1] ML tree search #2, logLikelihood: -1946.316133
[00:00:02] [worker #0] ML tree search #1, logLikelihood: -1945.689211
[00:00:04] [worker #1] ML tree search #4, logLikelihood: -1946.150789
[00:00:04] [worker #0] ML tree search #3, logLikelihood: -1948.443764
[00:00:06] [worker #0] ML tree search #5, logLikelihood: -1944.646774
[00:00:07] [worker #1] ML tree search #6, logLikelihood: -1949.987171
[00:00:09] [worker #1] ML tree search #8, logLikelihood: -1944.795241
[00:00:10] [worker #0] ML tree search #7, logLikelihood: -1944.693646
[00:00:11] [worker #1] ML tree search #10, logLikelihood: -1945.056747
[00:00:12] [worker #0] ML tree search #9, logLikelihood: -1944.692511
[00:00:12] [worker #1] ML tree search #12, logLikelihood: -1946.121895
[00:00:13] [worker #0] ML tree search #11, logLikelihood: -1946.122447
[00:00:15] [worker #1] ML tree search #14, logLikelihood: -1946.316696
[00:00:17] [worker #1] ML tree search #16, logLikelihood: -1945.056403
[00:00:17] [worker #0] ML tree search #13, logLikelihood: -1948.444408
[00:00:19] [worker #1] ML tree search #18, logLikelihood: -1948.443230
[00:00:21] [worker #1] ML tree search #20, logLikelihood: -1944.692529
[00:00:21] [worker #0] ML tree search #15, logLikelihood: -1948.673690
[00:00:22] [worker #1] ML tree search #22, logLikelihood: -1944.692713
[00:00:23] [worker #0] ML tree search #17, logLikelihood: -1944.646733
[00:00:24] [worker #1] ML tree search #24, logLikelihood: -1949.985333
[00:00:26] [worker #1] ML tree search #26, logLikelihood: -1948.443174
[00:00:26] [worker #0] ML tree search #19, logLikelihood: -1944.692989
[00:00:27] [worker #1] ML tree search #28, logLikelihood: -1946.121825
[00:00:28] [worker #0] ML tree search #21, logLikelihood: -1945.723021
[00:00:30] [worker #0] ML tree search #23, logLikelihood: -1953.053058
[00:00:30] [worker #1] ML tree search #30, logLikelihood: -1944.646589
[00:00:31] [worker #1] ML tree search #32, logLikelihood: -1945.689236
[00:00:31] [worker #0] ML tree search #25, logLikelihood: -1944.795205
[00:00:32] [worker #1] ML tree search #34, logLikelihood: -1948.672796
[00:00:33] [worker #0] ML tree search #27, logLikelihood: -1948.672735
[00:00:33] [worker #1] ML tree search #36, logLikelihood: -1944.692423
[00:00:34] [worker #0] ML tree search #29, logLikelihood: -1944.795108
[00:00:35] [worker #1] ML tree search #38, logLikelihood: -1950.084694
[00:00:36] [worker #0] ML tree search #31, logLikelihood: -1949.985213
[00:00:36] [worker #1] ML tree search #40, logLikelihood: -1945.689174
[00:00:36] [worker #1] ML tree search #42, logLikelihood: -1949.985217
[00:00:37] [worker #0] ML tree search #33, logLikelihood: -1948.443190
[00:00:37] [worker #1] ML tree search #44, logLikelihood: -1945.314678
[00:00:38] [worker #1] ML tree search #46, logLikelihood: -1946.150904
[00:00:39] [worker #1] ML tree search #48, logLikelihood: -1946.150552
[00:00:40] [worker #0] ML tree search #35, logLikelihood: -1948.672770
[00:00:40] [worker #1] ML tree search #50, logLikelihood: -1948.443170
[00:00:41] [worker #0] ML tree search #37, logLikelihood: -1944.795109
[00:00:44] [worker #0] ML tree search #39, logLikelihood: -1945.314848
[00:00:45] [worker #0] ML tree search #41, logLikelihood: -1950.084650
[00:00:48] [worker #0] ML tree search #43, logLikelihood: -1948.444589
[00:00:49] [worker #0] ML tree search #45, logLikelihood: -1944.646620
[00:00:51] [worker #0] ML tree search #47, logLikelihood: -1944.692412
[00:00:52] [worker #0] ML tree search #49, logLikelihood: -1945.056368

Optimized model parameters:

   Partition 0: noname
   Rate heterogeneity: NONE
   Base frequencies (ML): 0.781163 0.218837 
   Substitution rates (ML): 1.000000 


Final LogLikelihood: -1944.646589

AIC score: 4069.293178 / AICc score: 4209.293178 / BIC score: 4369.671605
Free parameters (model + branch lengths): 90

Best ML tree saved to: /home/luise/master_thesis/output/raxml/MORPHOLOGICAL_FILTERED/T_4.raxml.bestTree
All ML trees saved to: /home/luise/master_thesis/output/raxml/MORPHOLOGICAL_FILTERED/T_4.raxml.mlTrees
Optimized model saved to: /home/luise/master_thesis/output/raxml/MORPHOLOGICAL_FILTERED/T_4.raxml.bestModel

Execution log saved to: /home/luise/master_thesis/output/raxml/MORPHOLOGICAL_FILTERED/T_4.raxml.log

Analysis started: 11-Oct-2022 11:29:38 / finished: 11-Oct-2022 11:30:31

Elapsed time: 52.820 seconds

