
RAxML-NG v. 1.1.0-master released on 04.08.2022 by The Exelixis Lab.
Developed by: Alexey M. Kozlov and Alexandros Stamatakis.
Contributors: Diego Darriba, Tomas Flouri, Benoit Morel, Sarah Lutteropp, Ben Bettisworth.
Latest version: https://github.com/amkozlov/raxml-ng
Questions/problems/suggestions? Please visit: https://groups.google.com/forum/#!forum/raxml

System: Intel(R) Core(TM) i7-7500U CPU @ 2.70GHz, 2 cores, 15 GB RAM

RAxML-NG was called at 11-Oct-2022 11:30:33 as follows:

./../raxml-ng/build/bin/raxml-ng --rfdist --tree ../output/raxml/MORPHOLOGICAL_FILTERED/T_mltrees --prefix ../output/raxml/MORPHOLOGICAL_FILTERED/T_RF

Analysis options:
  run mode: RF distance computation
  start tree(s): user
  random seed: 1665480633
  SIMD kernels: AVX2
  parallelization: coarse-grained (auto), PTHREADS (auto)

Reading input trees from file: ../output/raxml/MORPHOLOGICAL_FILTERED/T_mltrees
Loaded 71 trees with 46 taxa.

Average absolute RF distance in this tree set: 23.525956
Average relative RF distance in this tree set: 0.273558
Number of unique topologies in this tree set: 17

Pairwise RF distances saved to: /home/luise/master_thesis/output/raxml/MORPHOLOGICAL_FILTERED/T_RF.raxml.rfDistances

Execution log saved to: /home/luise/master_thesis/output/raxml/MORPHOLOGICAL_FILTERED/T_RF.raxml.log

Analysis started: 11-Oct-2022 11:30:33 / finished: 11-Oct-2022 11:30:33

Elapsed time: 0.033 seconds

