
RAxML-NG v. 1.1.0-master released on 04.08.2022 by The Exelixis Lab.
Developed by: Alexey M. Kozlov and Alexandros Stamatakis.
Contributors: Diego Darriba, Tomas Flouri, Benoit Morel, Sarah Lutteropp, Ben Bettisworth.
Latest version: https://github.com/amkozlov/raxml-ng
Questions/problems/suggestions? Please visit: https://groups.google.com/forum/#!forum/raxml

System: Intel(R) Core(TM) i7-7500U CPU @ 2.70GHz, 2 cores, 15 GB RAM

RAxML-NG was called at 26-Oct-2022 17:25:43 as follows:

./../raxml-ng/build/bin/raxml-ng --msa ../data/language_alignments/Indo-European_WALS_BinaryOutgroup_March21_stability.ONLYFIN_common_grammatical.phy --model BIN --prefix ../output/raxml/MORPHOLOGICAL_INTERIM/cognate_ie_compatible_bin --threads 2 --seed 2 --tree ../data/trees/cognate_ie_compatible.tree

Analysis options:
  run mode: ML tree search
  start tree(s): user
  random seed: 2
  tip-inner: OFF
  pattern compression: ON
  per-rate scalers: OFF
  site repeats: ON
  fast spr radius: AUTO
  spr subtree cutoff: 1.000000
  branch lengths: proportional (ML estimate, algorithm: NR-FAST)
  SIMD kernels: AVX2
  parallelization: coarse-grained (auto), PTHREADS (2 threads), thread pinning: OFF

[00:00:00] Reading alignment from file: ../data/language_alignments/Indo-European_WALS_BinaryOutgroup_March21_stability.ONLYFIN_common_grammatical.phy
[00:00:00] Loaded alignment with 46 taxa and 425 sites

Alignment comprises 1 partitions and 260 patterns

Partition 0: noname
Model: BIN+FO
Alignment sites / patterns: 425 / 260
Gaps: 2.81 %
Invariant sites: 39.76 %


NOTE: Binary MSA file created: ../output/raxml/MORPHOLOGICAL_INTERIM/cognate_ie_compatible_bin.raxml.rba

Parallelization scheme autoconfig: 1 worker(s) x 2 thread(s)

Parallel reduction/worker buffer size: 1 KB  / 0 KB

[00:00:00] Loading user starting tree(s) from: ../data/trees/cognate_ie_compatible.tree
[00:00:00] Data distribution: max. partitions/sites/weight per thread: 1 / 130 / 260
[00:00:00] Data distribution: max. searches per worker: 1

Starting ML tree search with 1 distinct starting trees

[00:00:00 -6069.701630] Initial branch length optimization
[00:00:00 -4818.420183] Model parameter optimization (eps = 10.000000)
[00:00:00 -4552.535991] AUTODETECT spr round 1 (radius: 5)
[00:00:00 -4157.722442] AUTODETECT spr round 2 (radius: 10)
[00:00:00 -4157.689244] SPR radius for FAST iterations: 5 (autodetect)
[00:00:00 -4157.689244] Model parameter optimization (eps = 3.000000)
[00:00:00 -4157.246356] FAST spr round 1 (radius: 5)
[00:00:00 -4141.183178] FAST spr round 2 (radius: 5)
[00:00:00 -4141.183118] Model parameter optimization (eps = 1.000000)
[00:00:00 -4141.082271] SLOW spr round 1 (radius: 5)
[00:00:00 -4141.018356] SLOW spr round 2 (radius: 10)
[00:00:00 -4141.018353] SLOW spr round 3 (radius: 15)
[00:00:00 -4141.018353] SLOW spr round 4 (radius: 20)
[00:00:00 -4141.018353] SLOW spr round 5 (radius: 25)
[00:00:01 -4141.018353] Model parameter optimization (eps = 0.100000)

[00:00:01] ML tree search #1, logLikelihood: -4141.014677


Optimized model parameters:

   Partition 0: noname
   Rate heterogeneity: NONE
   Base frequencies (ML): 0.780701 0.219299 
   Substitution rates (ML): 1.000000 


Final LogLikelihood: -4141.014677

AIC score: 8462.029354 / AICc score: 8511.071270 / BIC score: 8826.717379
Free parameters (model + branch lengths): 90

WARNING: Best ML tree contains 1 near-zero branches!

Best ML tree with collapsed near-zero branches saved to: /home/luise/master_thesis/output/raxml/MORPHOLOGICAL_INTERIM/cognate_ie_compatible_bin.raxml.bestTreeCollapsed
Best ML tree saved to: /home/luise/master_thesis/output/raxml/MORPHOLOGICAL_INTERIM/cognate_ie_compatible_bin.raxml.bestTree
Optimized model saved to: /home/luise/master_thesis/output/raxml/MORPHOLOGICAL_INTERIM/cognate_ie_compatible_bin.raxml.bestModel

Execution log saved to: /home/luise/master_thesis/output/raxml/MORPHOLOGICAL_INTERIM/cognate_ie_compatible_bin.raxml.log

Analysis started: 26-Oct-2022 17:25:43 / finished: 26-Oct-2022 17:25:44

Elapsed time: 1.131 seconds

